2017-04-09T02:10:25.473 Executed HTTP request: {
  "requestId": "822fd99f-ddfa-4ee5-84e2-2252bc2eac12",
  "method": "GET",
  "uri": "/admin/host/status",
  "authorizationLevel": "Anonymous"
}
2017-04-09T02:10:25.473 Response details: {
  "requestId": "822fd99f-ddfa-4ee5-84e2-2252bc2eac12",
  "status": "Unauthorized"
}
2017-04-09T02:10:25.804 Executing HTTP request: {
  "requestId": "929ba80c-ef27-4bf1-83c0-484f4cef2eab",
  "method": "POST",
  "uri": "/api/messages"
}
2017-04-09T02:10:25.819 Executing 'Functions.messages' (Reason='This function was programmatically called via the host APIs.', Id=d99d44d4-bfb9-4f54-94d5-aee99cf40637)
2017-04-09T02:10:25.819 Function started (Id=d99d44d4-bfb9-4f54-94d5-aee99cf40637)
2017-04-09T02:10:26.007 Webhook was triggered!
2017-04-09T02:10:26.038 Function completed (Success, Id=d99d44d4-bfb9-4f54-94d5-aee99cf40637)
2017-04-09T02:10:26.038 Executed 'Functions.messages' (Succeeded, Id=d99d44d4-bfb9-4f54-94d5-aee99cf40637)
2017-04-09T02:10:26.038 Executed HTTP request: {
  "requestId": "929ba80c-ef27-4bf1-83c0-484f4cef2eab",
  "method": "POST",
  "uri": "/api/messages",
  "authorizationLevel": "Function"
}
2017-04-09T02:10:26.038 Response details: {
  "requestId": "929ba80c-ef27-4bf1-83c0-484f4cef2eab",
  "status": "Accepted"
}
2017-04-09T02:10:33.410 Executing HTTP request: {
  "requestId": "84a05cc8-14a1-410f-ba6b-a235582ffc15",
  "method": "GET",
  "uri": "/"
}
2017-04-09T02:10:33.410 Executed HTTP request: {
  "requestId": "84a05cc8-14a1-410f-ba6b-a235582ffc15",
  "method": "GET",
  "uri": "/",
  "authorizationLevel": "Anonymous"
}
2017-04-09T02:10:33.410 Response details: {
  "requestId": "84a05cc8-14a1-410f-ba6b-a235582ffc15",
  "status": "OK"
}
2017-04-09T02:10:43.703 Executing HTTP request: {
  "requestId": "4cae0094-ab54-4df7-b9de-70df7085c1fe",
  "method": "GET",
  "uri": "/"
}
2017-04-09T02:10:43.703 Executed HTTP request: {
  "requestId": "4cae0094-ab54-4df7-b9de-70df7085c1fe",
  "method": "GET",
  "uri": "/",
  "authorizationLevel": "Anonymous"
}
2017-04-09T02:10:43.703 Response details: {
  "requestId": "4cae0094-ab54-4df7-b9de-70df7085c1fe",
  "status": "OK"
}
2017-04-09T02:10:53.975 Executing HTTP request: {
  "requestId": "0d9a3042-4757-46d6-8a5e-553a9519e4e2",
  "method": "GET",
  "uri": "/"
}
2017-04-09T02:10:53.975 Executed HTTP request: {
  "requestId": "0d9a3042-4757-46d6-8a5e-553a9519e4e2",
  "method": "GET",
  "uri": "/",
  "authorizationLevel": "Anonymous"
}
2017-04-09T02:10:53.975 Response details: {
  "requestId": "0d9a3042-4757-46d6-8a5e-553a9519e4e2",
  "status": "OK"
}
2017-04-09T02:11:04.246 Executing HTTP request: {
  "requestId": "1d401d5f-4c30-462a-8003-6c52bab4a1ed",
  "method": "GET",
  "uri": "/"
}
2017-04-09T02:11:04.246 Executed HTTP request: {
  "requestId": "1d401d5f-4c30-462a-8003-6c52bab4a1ed",
  "method": "GET",
  "uri": "/",
  "authorizationLevel": "Anonymous"
}
2017-04-09T02:11:04.246 Response details: {
  "requestId": "1d401d5f-4c30-462a-8003-6c52bab4a1ed",
  "status": "OK"
}
2017-04-09T02:11:14.555 Executing HTTP request: {
  "requestId": "5377f07b-28bd-4fe4-99ea-aa06396050e0",
  "method": "GET",
  "uri": "/"
}
2017-04-09T02:11:14.555 Executed HTTP request: {
  "requestId": "5377f07b-28bd-4fe4-99ea-aa06396050e0",
  "method": "GET",
  "uri": "/",
  "authorizationLevel": "Anonymous"
}
2017-04-09T02:11:14.555 Response details: {
  "requestId": "5377f07b-28bd-4fe4-99ea-aa06396050e0",
  "status": "OK"
}
2017-04-09T02:11:22.663 Executing HTTP request: {
  "requestId": "8165ff8a-f264-4b21-adcc-6580944672d4",
  "method": "GET",
  "uri": "/admin/host/status"
}
2017-04-09T02:11:22.679 Executed HTTP request: {
  "requestId": "8165ff8a-f264-4b21-adcc-6580944672d4",
  "method": "GET",
  "uri": "/admin/host/status",
  "authorizationLevel": "Anonymous"
}
2017-04-09T02:11:22.679 Response details: {
  "requestId": "8165ff8a-f264-4b21-adcc-6580944672d4",
  "status": "Unauthorized"
}
2017-04-09T02:11:24.793 Executing HTTP request: {
  "requestId": "241d404b-bbca-42c6-8cdf-12fb5c9b1262",
  "method": "GET",
  "uri": "/"
}
2017-04-09T02:11:24.793 Executed HTTP request: {
  "requestId": "241d404b-bbca-42c6-8cdf-12fb5c9b1262",
  "method": "GET",
  "uri": "/",
  "authorizationLevel": "Anonymous"
}
2017-04-09T02:11:24.793 Response details: {
  "requestId": "241d404b-bbca-42c6-8cdf-12fb5c9b1262",
  "status": "OK"
}
2017-04-09T02:11:35.049 Executing HTTP request: {
  "requestId": "b5e66961-c64a-4f74-ae45-419783ac4b1b",
  "method": "GET",
  "uri": "/"
}
2017-04-09T02:11:35.049 Executed HTTP request: {
  "requestId": "b5e66961-c64a-4f74-ae45-419783ac4b1b",
  "method": "GET",
  "uri": "/",
  "authorizationLevel": "Anonymous"
}
2017-04-09T02:11:35.049 Response details: {
  "requestId": "b5e66961-c64a-4f74-ae45-419783ac4b1b",
  "status": "OK"
}
2017-04-09T02:11:45.341 Executing HTTP request: {
  "requestId": "f6469823-47db-4b58-85fa-1bc8eb977a0f",
  "method": "GET",
  "uri": "/"
}
2017-04-09T02:11:45.341 Executed HTTP request: {
  "requestId": "f6469823-47db-4b58-85fa-1bc8eb977a0f",
  "method": "GET",
  "uri": "/",
  "authorizationLevel": "Anonymous"
}
2017-04-09T02:11:45.341 Response details: {
  "requestId": "f6469823-47db-4b58-85fa-1bc8eb977a0f",
  "status": "OK"
}
2017-04-09T02:11:55.607 Executing HTTP request: {
  "requestId": "270b193a-0a44-4037-99b7-c2ee23deb526",
  "method": "GET",
  "uri": "/"
}
2017-04-09T02:11:55.607 Executed HTTP request: {
  "requestId": "270b193a-0a44-4037-99b7-c2ee23deb526",
  "method": "GET",
  "uri": "/",
  "authorizationLevel": "Anonymous"
}
2017-04-09T02:11:55.607 Response details: {
  "requestId": "270b193a-0a44-4037-99b7-c2ee23deb526",
  "status": "OK"
}
2017-04-09T02:12:05.864 Executing HTTP request: {
  "requestId": "027be049-b247-4047-8e39-171e209d02e8",
  "method": "GET",
  "uri": "/"
}
2017-04-09T02:12:05.864 Executed HTTP request: {
  "requestId": "027be049-b247-4047-8e39-171e209d02e8",
  "method": "GET",
  "uri": "/",
  "authorizationLevel": "Anonymous"
}
2017-04-09T02:12:05.864 Response details: {
  "requestId": "027be049-b247-4047-8e39-171e209d02e8",
  "status": "OK"
}
2017-04-09T02:12:16.118 Executing HTTP request: {
  "requestId": "e7650c21-9342-461b-8614-feefb1e62449",
  "method": "GET",
  "uri": "/"
}
2017-04-09T02:12:16.118 Executed HTTP request: {
  "requestId": "e7650c21-9342-461b-8614-feefb1e62449",
  "method": "GET",
  "uri": "/",
  "authorizationLevel": "Anonymous"
}
2017-04-09T02:12:16.118 Response details: {
  "requestId": "e7650c21-9342-461b-8614-feefb1e62449",
  "status": "OK"
}
2017-04-09T02:12:26.378 Executing HTTP request: {
  "requestId": "ac80f05a-62cd-4f80-952f-e4bd8bb070d9",
  "method": "GET",
  "uri": "/"
}
2017-04-09T02:12:26.378 Executed HTTP request: {
  "requestId": "ac80f05a-62cd-4f80-952f-e4bd8bb070d9",
  "method": "GET",
  "uri": "/",
  "authorizationLevel": "Anonymous"
}
2017-04-09T02:12:26.378 Response details: {
  "requestId": "ac80f05a-62cd-4f80-952f-e4bd8bb070d9",
  "status": "OK"
}
2017-04-09T02:12:36.679 Executing HTTP request: {
  "requestId": "0bc7d318-2a45-477d-8d8a-239c0e8fbcfd",
  "method": "GET",
  "uri": "/"
}
2017-04-09T02:12:36.679 Executed HTTP request: {
  "requestId": "0bc7d318-2a45-477d-8d8a-239c0e8fbcfd",
  "method": "GET",
  "uri": "/",
  "authorizationLevel": "Anonymous"
}
2017-04-09T02:12:36.679 Response details: {
  "requestId": "0bc7d318-2a45-477d-8d8a-239c0e8fbcfd",
  "status": "OK"
}
2017-04-09T02:12:46.956 Executing HTTP request: {
  "requestId": "67ee892b-50b0-4ce5-9062-ddbf563137ec",
  "method": "GET",
  "uri": "/"
}
2017-04-09T02:12:46.956 Executed HTTP request: {
  "requestId": "67ee892b-50b0-4ce5-9062-ddbf563137ec",
  "method": "GET",
  "uri": "/",
  "authorizationLevel": "Anonymous"
}
2017-04-09T02:12:46.956 Response details: {
  "requestId": "67ee892b-50b0-4ce5-9062-ddbf563137ec",
  "status": "OK"
}
2017-04-09T02:12:57.244 Executing HTTP request: {
  "requestId": "67808911-d6c8-480b-8333-9b8ba51e48b2",
  "method": "GET",
  "uri": "/"
}
2017-04-09T02:12:57.244 Executed HTTP request: {
  "requestId": "67808911-d6c8-480b-8333-9b8ba51e48b2",
  "method": "GET",
  "uri": "/",
  "authorizationLevel": "Anonymous"
}
2017-04-09T02:12:57.244 Response details: {
  "requestId": "67808911-d6c8-480b-8333-9b8ba51e48b2",
  "status": "OK"
}
2017-04-09T02:13:07.515 Executing HTTP request: {
  "requestId": "cd91e060-872f-4050-b174-7ca0189344a7",
  "method": "GET",
  "uri": "/"
}
2017-04-09T02:13:07.515 Executed HTTP request: {
  "requestId": "cd91e060-872f-4050-b174-7ca0189344a7",
  "method": "GET",
  "uri": "/",
  "authorizationLevel": "Anonymous"
}
2017-04-09T02:13:07.515 Response details: {
  "requestId": "cd91e060-872f-4050-b174-7ca0189344a7",
  "status": "OK"
}
2017-04-09T02:13:17.807 Executing HTTP request: {
  "requestId": "8394004e-36b6-458f-b51e-2a0f82190250",
  "method": "GET",
  "uri": "/"
}
2017-04-09T02:13:17.807 Executed HTTP request: {
  "requestId": "8394004e-36b6-458f-b51e-2a0f82190250",
  "method": "GET",
  "uri": "/",
  "authorizationLevel": "Anonymous"
}
2017-04-09T02:13:17.807 Response details: {
  "requestId": "8394004e-36b6-458f-b51e-2a0f82190250",
  "status": "OK"
}
2017-04-09T02:13:28.042 Executing HTTP request: {
  "requestId": "12256bc1-5e1e-45d0-baf2-fb1d75231b0c",
  "method": "GET",
  "uri": "/"
}
2017-04-09T02:13:28.042 Executed HTTP request: {
  "requestId": "12256bc1-5e1e-45d0-baf2-fb1d75231b0c",
  "method": "GET",
  "uri": "/",
  "authorizationLevel": "Anonymous"
}
2017-04-09T02:13:28.042 Response details: {
  "requestId": "12256bc1-5e1e-45d0-baf2-fb1d75231b0c",
  "status": "OK"
}
2017-04-09T02:13:38.312 Executing HTTP request: {
  "requestId": "b6177b04-c2cd-4e25-8702-8f650350e35c",
  "method": "GET",
  "uri": "/"
}
2017-04-09T02:13:38.312 Executed HTTP request: {
  "requestId": "b6177b04-c2cd-4e25-8702-8f650350e35c",
  "method": "GET",
  "uri": "/",
  "authorizationLevel": "Anonymous"
}
2017-04-09T02:13:38.312 Response details: {
  "requestId": "b6177b04-c2cd-4e25-8702-8f650350e35c",
  "status": "OK"
}
2017-04-09T02:13:48.754 Executing HTTP request: {
  "requestId": "b2462cfe-b916-46fe-ab3d-12f6ee73037c",
  "method": "GET",
  "uri": "/"
}
2017-04-09T02:13:48.754 Executed HTTP request: {
  "requestId": "b2462cfe-b916-46fe-ab3d-12f6ee73037c",
  "method": "GET",
  "uri": "/",
  "authorizationLevel": "Anonymous"
}
2017-04-09T02:13:48.754 Response details: {
  "requestId": "b2462cfe-b916-46fe-ab3d-12f6ee73037c",
  "status": "OK"
}
2017-04-09T02:13:58.865 Executing HTTP request: {
  "requestId": "72df5125-766a-4934-9f80-bcb59833fac9",
  "method": "GET",
  "uri": "/"
}
2017-04-09T02:13:58.865 Executed HTTP request: {
  "requestId": "72df5125-766a-4934-9f80-bcb59833fac9",
  "method": "GET",
  "uri": "/",
  "authorizationLevel": "Anonymous"
}
2017-04-09T02:13:58.865 Response details: {
  "requestId": "72df5125-766a-4934-9f80-bcb59833fac9",
  "status": "OK"
}
2017-04-09T02:14:09.115 Executing HTTP request: {
  "requestId": "691ce9ab-1b5a-428a-8ada-6f147230e98b",
  "method": "GET",
  "uri": "/"
}
2017-04-09T02:14:09.115 Executed HTTP request: {
  "requestId": "691ce9ab-1b5a-428a-8ada-6f147230e98b",
  "method": "GET",
  "uri": "/",
  "authorizationLevel": "Anonymous"
}
2017-04-09T02:14:09.115 Response details: {
  "requestId": "691ce9ab-1b5a-428a-8ada-6f147230e98b",
  "status": "OK"
}
2017-04-09T02:14:19.366 Executing HTTP request: {
  "requestId": "f73fdbb9-38b3-4430-bb7c-6107dffab810",
  "method": "GET",
  "uri": "/"
}
2017-04-09T02:14:19.366 Executed HTTP request: {
  "requestId": "f73fdbb9-38b3-4430-bb7c-6107dffab810",
  "method": "GET",
  "uri": "/",
  "authorizationLevel": "Anonymous"
}
2017-04-09T02:14:19.366 Response details: {
  "requestId": "f73fdbb9-38b3-4430-bb7c-6107dffab810",
  "status": "OK"
}
2017-04-09T02:14:29.656 Executing HTTP request: {
  "requestId": "70577f58-ddf5-4e47-b70d-872e7f2a7dfa",
  "method": "GET",
  "uri": "/"
}
2017-04-09T02:14:29.656 Executed HTTP request: {
  "requestId": "70577f58-ddf5-4e47-b70d-872e7f2a7dfa",
  "method": "GET",
  "uri": "/",
  "authorizationLevel": "Anonymous"
}
2017-04-09T02:14:29.656 Response details: {
  "requestId": "70577f58-ddf5-4e47-b70d-872e7f2a7dfa",
  "status": "OK"
}
2017-04-09T02:14:30.607 Executing HTTP request: {
  "requestId": "773229ab-6a89-4ace-ace5-b9e7b77aee8e",
  "method": "GET",
  "uri": "/"
}
2017-04-09T02:14:30.607 Executed HTTP request: {
  "requestId": "773229ab-6a89-4ace-ace5-b9e7b77aee8e",
  "method": "GET",
  "uri": "/",
  "authorizationLevel": "Anonymous"
}
2017-04-09T02:14:30.607 Response details: {
  "requestId": "773229ab-6a89-4ace-ace5-b9e7b77aee8e",
  "status": "OK"
}
2017-04-09T02:14:39.908 Executing HTTP request: {
  "requestId": "81f104e2-ec7c-4209-8a39-a204f16e4f90",
  "method": "GET",
  "uri": "/"
}
2017-04-09T02:14:39.908 Executed HTTP request: {
  "requestId": "81f104e2-ec7c-4209-8a39-a204f16e4f90",
  "method": "GET",
  "uri": "/",
  "authorizationLevel": "Anonymous"
}
2017-04-09T02:14:39.908 Response details: {
  "requestId": "81f104e2-ec7c-4209-8a39-a204f16e4f90",
  "status": "OK"
}
2017-04-09T02:14:50.183 Executing HTTP request: {
  "requestId": "2c4b89a2-cc54-4adc-8c13-7e5cdc4544d7",
  "method": "GET",
  "uri": "/"
}
2017-04-09T02:14:50.183 Executed HTTP request: {
  "requestId": "2c4b89a2-cc54-4adc-8c13-7e5cdc4544d7",
  "method": "GET",
  "uri": "/",
  "authorizationLevel": "Anonymous"
}
2017-04-09T02:14:50.183 Response details: {
  "requestId": "2c4b89a2-cc54-4adc-8c13-7e5cdc4544d7",
  "status": "OK"
}
2017-04-09T02:15:00.450 Executing HTTP request: {
  "requestId": "c617c008-8f66-437d-a41e-e17868240e1c",
  "method": "GET",
  "uri": "/"
}
2017-04-09T02:15:00.450 Executed HTTP request: {
  "requestId": "c617c008-8f66-437d-a41e-e17868240e1c",
  "method": "GET",
  "uri": "/",
  "authorizationLevel": "Anonymous"
}
2017-04-09T02:15:00.450 Response details: {
  "requestId": "c617c008-8f66-437d-a41e-e17868240e1c",
  "status": "OK"
}
2017-04-09T02:15:10.711 Executing HTTP request: {
  "requestId": "a17b1388-4101-485b-80d2-552fa4b5150d",
  "method": "GET",
  "uri": "/"
}
2017-04-09T02:15:10.711 Executed HTTP request: {
  "requestId": "a17b1388-4101-485b-80d2-552fa4b5150d",
  "method": "GET",
  "uri": "/",
  "authorizationLevel": "Anonymous"
}
2017-04-09T02:15:10.711 Response details: {
  "requestId": "a17b1388-4101-485b-80d2-552fa4b5150d",
  "status": "OK"
}
2017-04-09T02:15:20.908 Executing HTTP request: {
  "requestId": "bf1062f3-1629-4526-a342-a868d4b814f0",
  "method": "GET",
  "uri": "/"
}
2017-04-09T02:15:20.908 Executed HTTP request: {
  "requestId": "bf1062f3-1629-4526-a342-a868d4b814f0",
  "method": "GET",
  "uri": "/",
  "authorizationLevel": "Anonymous"
}
2017-04-09T02:15:20.908 Response details: {
  "requestId": "bf1062f3-1629-4526-a342-a868d4b814f0",
  "status": "OK"
}
2017-04-09T02:15:31.148 Executing HTTP request: {
  "requestId": "b0a37acf-1fcd-43c7-b9d6-f1930ec7cd0c",
  "method": "GET",
  "uri": "/"
}
2017-04-09T02:15:31.148 Executed HTTP request: {
  "requestId": "b0a37acf-1fcd-43c7-b9d6-f1930ec7cd0c",
  "method": "GET",
  "uri": "/",
  "authorizationLevel": "Anonymous"
}
2017-04-09T02:15:31.148 Response details: {
  "requestId": "b0a37acf-1fcd-43c7-b9d6-f1930ec7cd0c",
  "status": "OK"
}
2017-04-09T02:15:41.446 Executing HTTP request: {
  "requestId": "e0538529-8460-43c1-a91e-bb924b4fe1ce",
  "method": "GET",
  "uri": "/"
}
2017-04-09T02:15:41.446 Executed HTTP request: {
  "requestId": "e0538529-8460-43c1-a91e-bb924b4fe1ce",
  "method": "GET",
  "uri": "/",
  "authorizationLevel": "Anonymous"
}
2017-04-09T02:15:41.446 Response details: {
  "requestId": "e0538529-8460-43c1-a91e-bb924b4fe1ce",
  "status": "OK"
}
2017-04-09T02:15:51.732 Executing HTTP request: {
  "requestId": "d7d89f19-21d3-40ef-bc61-c361ffcbf081",
  "method": "GET",
  "uri": "/"
}
2017-04-09T02:15:51.732 Executed HTTP request: {
  "requestId": "d7d89f19-21d3-40ef-bc61-c361ffcbf081",
  "method": "GET",
  "uri": "/",
  "authorizationLevel": "Anonymous"
}
2017-04-09T02:15:51.732 Response details: {
  "requestId": "d7d89f19-21d3-40ef-bc61-c361ffcbf081",
  "status": "OK"
}
2017-04-09T02:16:01.989 Executing HTTP request: {
  "requestId": "13d1df42-728f-454d-8b98-5830644bb615",
  "method": "GET",
  "uri": "/"
}
2017-04-09T02:16:01.989 Executed HTTP request: {
  "requestId": "13d1df42-728f-454d-8b98-5830644bb615",
  "method": "GET",
  "uri": "/",
  "authorizationLevel": "Anonymous"
}
2017-04-09T02:16:01.989 Response details: {
  "requestId": "13d1df42-728f-454d-8b98-5830644bb615",
  "status": "OK"
}
2017-04-09T02:16:12.212 Executing HTTP request: {
  "requestId": "8496f709-c8ea-4116-916f-7d4edd14754b",
  "method": "GET",
  "uri": "/"
}
2017-04-09T02:16:12.212 Executed HTTP request: {
  "requestId": "8496f709-c8ea-4116-916f-7d4edd14754b",
  "method": "GET",
  "uri": "/",
  "authorizationLevel": "Anonymous"
}
2017-04-09T02:16:12.212 Response details: {
  "requestId": "8496f709-c8ea-4116-916f-7d4edd14754b",
  "status": "OK"
}
2017-04-09T02:16:22.471 Executing HTTP request: {
  "requestId": "e90f6943-4009-4bcd-8727-b193342d8f91",
  "method": "GET",
  "uri": "/"
}
2017-04-09T02:16:22.471 Executed HTTP request: {
  "requestId": "e90f6943-4009-4bcd-8727-b193342d8f91",
  "method": "GET",
  "uri": "/",
  "authorizationLevel": "Anonymous"
}
2017-04-09T02:16:22.471 Response details: {
  "requestId": "e90f6943-4009-4bcd-8727-b193342d8f91",
  "status": "OK"
}
2017-04-09T02:16:32.717 Executing HTTP request: {
  "requestId": "6f982292-5cf6-42c6-a248-5b5843f35d51",
  "method": "GET",
  "uri": "/"
}
2017-04-09T02:16:32.717 Executed HTTP request: {
  "requestId": "6f982292-5cf6-42c6-a248-5b5843f35d51",
  "method": "GET",
  "uri": "/",
  "authorizationLevel": "Anonymous"
}
2017-04-09T02:16:32.717 Response details: {
  "requestId": "6f982292-5cf6-42c6-a248-5b5843f35d51",
  "status": "OK"
}
2017-04-09T02:16:42.968 Executing HTTP request: {
  "requestId": "fc13ff6e-50a0-4d5f-8b2e-d2917afa02cd",
  "method": "GET",
  "uri": "/"
}
2017-04-09T02:16:42.968 Executed HTTP request: {
  "requestId": "fc13ff6e-50a0-4d5f-8b2e-d2917afa02cd",
  "method": "GET",
  "uri": "/",
  "authorizationLevel": "Anonymous"
}
2017-04-09T02:16:42.968 Response details: {
  "requestId": "fc13ff6e-50a0-4d5f-8b2e-d2917afa02cd",
  "status": "OK"
}
2017-04-09T02:16:53.248 Executing HTTP request: {
  "requestId": "41309f47-1def-4b9c-8ae9-c87b41075eba",
  "method": "GET",
  "uri": "/"
}
2017-04-09T02:16:53.248 Executed HTTP request: {
  "requestId": "41309f47-1def-4b9c-8ae9-c87b41075eba",
  "method": "GET",
  "uri": "/",
  "authorizationLevel": "Anonymous"
}
2017-04-09T02:16:53.248 Response details: {
  "requestId": "41309f47-1def-4b9c-8ae9-c87b41075eba",
  "status": "OK"
}
2017-04-09T02:17:03.472 Executing HTTP request: {
  "requestId": "1215c6c7-84e6-4206-926d-f7b413af7b64",
  "method": "GET",
  "uri": "/"
}
2017-04-09T02:17:03.472 Executed HTTP request: {
  "requestId": "1215c6c7-84e6-4206-926d-f7b413af7b64",
  "method": "GET",
  "uri": "/",
  "authorizationLevel": "Anonymous"
}
2017-04-09T02:17:03.472 Response details: {
  "requestId": "1215c6c7-84e6-4206-926d-f7b413af7b64",
  "status": "OK"
}
2017-04-09T02:17:13.749 Executing HTTP request: {
  "requestId": "f5b7d740-05c9-43ab-8958-ba4b28e23cbd",
  "method": "GET",
  "uri": "/"
}
2017-04-09T02:17:13.749 Executed HTTP request: {
  "requestId": "f5b7d740-05c9-43ab-8958-ba4b28e23cbd",
  "method": "GET",
  "uri": "/",
  "authorizationLevel": "Anonymous"
}
2017-04-09T02:17:13.749 Response details: {
  "requestId": "f5b7d740-05c9-43ab-8958-ba4b28e23cbd",
  "status": "OK"
}
2017-04-09T02:17:24.030 Executing HTTP request: {
  "requestId": "8d474889-cdc7-43b3-b44b-e199b8ff2deb",
  "method": "GET",
  "uri": "/"
}
2017-04-09T02:17:24.030 Executed HTTP request: {
  "requestId": "8d474889-cdc7-43b3-b44b-e199b8ff2deb",
  "method": "GET",
  "uri": "/",
  "authorizationLevel": "Anonymous"
}
2017-04-09T02:17:24.030 Response details: {
  "requestId": "8d474889-cdc7-43b3-b44b-e199b8ff2deb",
  "status": "OK"
}
2017-04-09T02:17:34.297 Executing HTTP request: {
  "requestId": "ccc212fb-3e4f-4a2d-979c-076fd1a5611d",
  "method": "GET",
  "uri": "/"
}
2017-04-09T02:17:34.363 Executed HTTP request: {
  "requestId": "ccc212fb-3e4f-4a2d-979c-076fd1a5611d",
  "method": "GET",
  "uri": "/",
  "authorizationLevel": "Anonymous"
}
2017-04-09T02:17:34.363 Response details: {
  "requestId": "ccc212fb-3e4f-4a2d-979c-076fd1a5611d",
  "status": "OK"
}
2017-04-09T02:17:44.578 Executing HTTP request: {
  "requestId": "ce5b713d-0f08-4637-b99e-edb49b481677",
  "method": "GET",
  "uri": "/"
}
2017-04-09T02:17:44.578 Executed HTTP request: {
  "requestId": "ce5b713d-0f08-4637-b99e-edb49b481677",
  "method": "GET",
  "uri": "/",
  "authorizationLevel": "Anonymous"
}
2017-04-09T02:17:44.578 Response details: {
  "requestId": "ce5b713d-0f08-4637-b99e-edb49b481677",
  "status": "OK"
}
2017-04-09T02:17:54.820 Executing HTTP request: {
  "requestId": "140f9be4-ddb1-484a-8d49-585a13798670",
  "method": "GET",
  "uri": "/"
}
2017-04-09T02:17:54.820 Executed HTTP request: {
  "requestId": "140f9be4-ddb1-484a-8d49-585a13798670",
  "method": "GET",
  "uri": "/",
  "authorizationLevel": "Anonymous"
}
2017-04-09T02:17:54.820 Response details: {
  "requestId": "140f9be4-ddb1-484a-8d49-585a13798670",
  "status": "OK"
}
2017-04-09T02:18:05.069 Executing HTTP request: {
  "requestId": "1159abca-b97e-4559-99c5-f238a712d4e9",
  "method": "GET",
  "uri": "/"
}
2017-04-09T02:18:05.069 Executed HTTP request: {
  "requestId": "1159abca-b97e-4559-99c5-f238a712d4e9",
  "method": "GET",
  "uri": "/",
  "authorizationLevel": "Anonymous"
}
2017-04-09T02:18:05.069 Response details: {
  "requestId": "1159abca-b97e-4559-99c5-f238a712d4e9",
  "status": "OK"
}
2017-04-09T02:18:15.360 Executing HTTP request: {
  "requestId": "8b9c1af0-b378-46d3-b795-5c25adfa2934",
  "method": "GET",
  "uri": "/"
}
2017-04-09T02:18:15.360 Executed HTTP request: {
  "requestId": "8b9c1af0-b378-46d3-b795-5c25adfa2934",
  "method": "GET",
  "uri": "/",
  "authorizationLevel": "Anonymous"
}
2017-04-09T02:18:15.360 Response details: {
  "requestId": "8b9c1af0-b378-46d3-b795-5c25adfa2934",
  "status": "OK"
}
2017-04-09T02:18:25.668 Executing HTTP request: {
  "requestId": "b8b4a2a8-4486-426c-a9db-f3a82fcd5dda",
  "method": "GET",
  "uri": "/"
}
2017-04-09T02:18:25.668 Executed HTTP request: {
  "requestId": "b8b4a2a8-4486-426c-a9db-f3a82fcd5dda",
  "method": "GET",
  "uri": "/",
  "authorizationLevel": "Anonymous"
}
2017-04-09T02:18:25.668 Response details: {
  "requestId": "b8b4a2a8-4486-426c-a9db-f3a82fcd5dda",
  "status": "OK"
}
2017-04-09T02:18:35.918 Executing HTTP request: {
  "requestId": "b07331ea-3893-4052-973b-530273eeebad",
  "method": "GET",
  "uri": "/"
}
2017-04-09T02:18:35.918 Executed HTTP request: {
  "requestId": "b07331ea-3893-4052-973b-530273eeebad",
  "method": "GET",
  "uri": "/",
  "authorizationLevel": "Anonymous"
}
2017-04-09T02:18:35.918 Response details: {
  "requestId": "b07331ea-3893-4052-973b-530273eeebad",
  "status": "OK"
}
2017-04-09T02:18:46.185 Executing HTTP request: {
  "requestId": "4d096ba3-e640-478d-8b4b-d2c7f8ffe627",
  "method": "GET",
  "uri": "/"
}
2017-04-09T02:18:46.185 Executed HTTP request: {
  "requestId": "4d096ba3-e640-478d-8b4b-d2c7f8ffe627",
  "method": "GET",
  "uri": "/",
  "authorizationLevel": "Anonymous"
}
2017-04-09T02:18:46.185 Response details: {
  "requestId": "4d096ba3-e640-478d-8b4b-d2c7f8ffe627",
  "status": "OK"
}
2017-04-09T02:18:56.461 Executing HTTP request: {
  "requestId": "67034211-b2fd-440b-8acf-990303e37a10",
  "method": "GET",
  "uri": "/"
}
2017-04-09T02:18:56.476 Executed HTTP request: {
  "requestId": "67034211-b2fd-440b-8acf-990303e37a10",
  "method": "GET",
  "uri": "/",
  "authorizationLevel": "Anonymous"
}
2017-04-09T02:18:56.476 Response details: {
  "requestId": "67034211-b2fd-440b-8acf-990303e37a10",
  "status": "OK"
}
2017-04-09T02:19:06.726 Executing HTTP request: {
  "requestId": "1c7aa46e-7731-49c4-99d1-79aa5fc0e135",
  "method": "GET",
  "uri": "/"
}
2017-04-09T02:19:06.726 Executed HTTP request: {
  "requestId": "1c7aa46e-7731-49c4-99d1-79aa5fc0e135",
  "method": "GET",
  "uri": "/",
  "authorizationLevel": "Anonymous"
}
2017-04-09T02:19:06.726 Response details: {
  "requestId": "1c7aa46e-7731-49c4-99d1-79aa5fc0e135",
  "status": "OK"
}
2017-04-09T02:19:16.924 Executing HTTP request: {
  "requestId": "abc383e9-3f84-42a9-856b-da498bb093ba",
  "method": "GET",
  "uri": "/"
}
2017-04-09T02:19:16.924 Executed HTTP request: {
  "requestId": "abc383e9-3f84-42a9-856b-da498bb093ba",
  "method": "GET",
  "uri": "/",
  "authorizationLevel": "Anonymous"
}
2017-04-09T02:19:16.924 Response details: {
  "requestId": "abc383e9-3f84-42a9-856b-da498bb093ba",
  "status": "OK"
}
2017-04-09T02:19:27.189 Executing HTTP request: {
  "requestId": "3b4caabf-21a2-42a5-a982-f9f9d1a7cbbd",
  "method": "GET",
  "uri": "/"
}
2017-04-09T02:19:27.189 Executed HTTP request: {
  "requestId": "3b4caabf-21a2-42a5-a982-f9f9d1a7cbbd",
  "method": "GET",
  "uri": "/",
  "authorizationLevel": "Anonymous"
}
2017-04-09T02:19:27.189 Response details: {
  "requestId": "3b4caabf-21a2-42a5-a982-f9f9d1a7cbbd",
  "status": "OK"
}
2017-04-09T02:19:37.462 Executing HTTP request: {
  "requestId": "3c0dbacc-0aa7-4931-b6bf-9850779b563f",
  "method": "GET",
  "uri": "/"
}
2017-04-09T02:19:37.462 Executed HTTP request: {
  "requestId": "3c0dbacc-0aa7-4931-b6bf-9850779b563f",
  "method": "GET",
  "uri": "/",
  "authorizationLevel": "Anonymous"
}
2017-04-09T02:19:37.462 Response details: {
  "requestId": "3c0dbacc-0aa7-4931-b6bf-9850779b563f",
  "status": "OK"
}
2017-04-09T02:19:47.690 Executing HTTP request: {
  "requestId": "663df7bb-75dd-4484-a558-236526b3eae2",
  "method": "GET",
  "uri": "/"
}
2017-04-09T02:19:47.690 Executed HTTP request: {
  "requestId": "663df7bb-75dd-4484-a558-236526b3eae2",
  "method": "GET",
  "uri": "/",
  "authorizationLevel": "Anonymous"
}
2017-04-09T02:19:47.690 Response details: {
  "requestId": "663df7bb-75dd-4484-a558-236526b3eae2",
  "status": "OK"
}
2017-04-09T02:19:57.961 Executing HTTP request: {
  "requestId": "d2a036d3-2502-49f0-81c6-a108f6ce268d",
  "method": "GET",
  "uri": "/"
}
2017-04-09T02:19:57.977 Executed HTTP request: {
  "requestId": "d2a036d3-2502-49f0-81c6-a108f6ce268d",
  "method": "GET",
  "uri": "/",
  "authorizationLevel": "Anonymous"
}
2017-04-09T02:19:57.977 Response details: {
  "requestId": "d2a036d3-2502-49f0-81c6-a108f6ce268d",
  "status": "OK"
}
2017-04-09T02:20:08.237 Executing HTTP request: {
  "requestId": "efa8dbaf-ab8a-4732-a19e-3289811983bc",
  "method": "GET",
  "uri": "/"
}
2017-04-09T02:20:08.237 Executed HTTP request: {
  "requestId": "efa8dbaf-ab8a-4732-a19e-3289811983bc",
  "method": "GET",
  "uri": "/",
  "authorizationLevel": "Anonymous"
}
2017-04-09T02:20:08.237 Response details: {
  "requestId": "efa8dbaf-ab8a-4732-a19e-3289811983bc",
  "status": "OK"
}
2017-04-09T02:20:18.488 Executing HTTP request: {
  "requestId": "7f14c1bd-eff9-446d-9e22-587f9c016b31",
  "method": "GET",
  "uri": "/"
}
2017-04-09T02:20:18.488 Executed HTTP request: {
  "requestId": "7f14c1bd-eff9-446d-9e22-587f9c016b31",
  "method": "GET",
  "uri": "/",
  "authorizationLevel": "Anonymous"
}
2017-04-09T02:20:18.488 Response details: {
  "requestId": "7f14c1bd-eff9-446d-9e22-587f9c016b31",
  "status": "OK"
}
2017-04-09T02:20:28.737 Executing HTTP request: {
  "requestId": "3487d11c-44e9-4aff-8632-ea704d696d17",
  "method": "GET",
  "uri": "/"
}
2017-04-09T02:20:28.737 Executed HTTP request: {
  "requestId": "3487d11c-44e9-4aff-8632-ea704d696d17",
  "method": "GET",
  "uri": "/",
  "authorizationLevel": "Anonymous"
}
2017-04-09T02:20:28.737 Response details: {
  "requestId": "3487d11c-44e9-4aff-8632-ea704d696d17",
  "status": "OK"
}
2017-04-09T02:20:38.952 Executing HTTP request: {
  "requestId": "97e555a4-0896-40ad-adb2-bf361181a05f",
  "method": "GET",
  "uri": "/"
}
2017-04-09T02:20:38.952 Executed HTTP request: {
  "requestId": "97e555a4-0896-40ad-adb2-bf361181a05f",
  "method": "GET",
  "uri": "/",
  "authorizationLevel": "Anonymous"
}
2017-04-09T02:20:38.952 Response details: {
  "requestId": "97e555a4-0896-40ad-adb2-bf361181a05f",
  "status": "OK"
}
2017-04-09T02:20:49.213 Executing HTTP request: {
  "requestId": "a4142698-b818-45d8-9192-3be21f40e1a0",
  "method": "GET",
  "uri": "/"
}
2017-04-09T02:20:49.213 Executed HTTP request: {
  "requestId": "a4142698-b818-45d8-9192-3be21f40e1a0",
  "method": "GET",
  "uri": "/",
  "authorizationLevel": "Anonymous"
}
2017-04-09T02:20:49.213 Response details: {
  "requestId": "a4142698-b818-45d8-9192-3be21f40e1a0",
  "status": "OK"
}
2017-04-09T02:20:59.488 Executing HTTP request: {
  "requestId": "98f493b7-560c-47c1-9bab-045113aa7db0",
  "method": "GET",
  "uri": "/"
}
2017-04-09T02:20:59.488 Executed HTTP request: {
  "requestId": "98f493b7-560c-47c1-9bab-045113aa7db0",
  "method": "GET",
  "uri": "/",
  "authorizationLevel": "Anonymous"
}
2017-04-09T02:20:59.488 Response details: {
  "requestId": "98f493b7-560c-47c1-9bab-045113aa7db0",
  "status": "OK"
}
2017-04-09T02:21:09.748 Executing HTTP request: {
  "requestId": "f56d76b0-05e1-4c6a-84cf-37c35f91311f",
  "method": "GET",
  "uri": "/"
}
2017-04-09T02:21:09.748 Executed HTTP request: {
  "requestId": "f56d76b0-05e1-4c6a-84cf-37c35f91311f",
  "method": "GET",
  "uri": "/",
  "authorizationLevel": "Anonymous"
}
2017-04-09T02:21:09.748 Response details: {
  "requestId": "f56d76b0-05e1-4c6a-84cf-37c35f91311f",
  "status": "OK"
}
2017-04-09T02:21:20.031 Executing HTTP request: {
  "requestId": "8c4ba39c-198c-4e94-9942-9a56781f4793",
  "method": "GET",
  "uri": "/"
}
2017-04-09T02:21:20.031 Executed HTTP request: {
  "requestId": "8c4ba39c-198c-4e94-9942-9a56781f4793",
  "method": "GET",
  "uri": "/",
  "authorizationLevel": "Anonymous"
}
2017-04-09T02:21:20.031 Response details: {
  "requestId": "8c4ba39c-198c-4e94-9942-9a56781f4793",
  "status": "OK"
}
2017-04-09T02:21:30.297 Executing HTTP request: {
  "requestId": "cf10df34-c328-44fe-a293-e7d8452bc1b1",
  "method": "GET",
  "uri": "/"
}
2017-04-09T02:21:30.297 Executed HTTP request: {
  "requestId": "cf10df34-c328-44fe-a293-e7d8452bc1b1",
  "method": "GET",
  "uri": "/",
  "authorizationLevel": "Anonymous"
}
2017-04-09T02:21:30.297 Response details: {
  "requestId": "cf10df34-c328-44fe-a293-e7d8452bc1b1",
  "status": "OK"
}
2017-04-09T02:21:40.578 Executing HTTP request: {
  "requestId": "6621c065-71d0-4347-9951-3349270832f3",
  "method": "GET",
  "uri": "/"
}
2017-04-09T02:21:40.578 Executed HTTP request: {
  "requestId": "6621c065-71d0-4347-9951-3349270832f3",
  "method": "GET",
  "uri": "/",
  "authorizationLevel": "Anonymous"
}
2017-04-09T02:21:40.578 Response details: {
  "requestId": "6621c065-71d0-4347-9951-3349270832f3",
  "status": "OK"
}
2017-04-09T02:21:50.467 Executing HTTP request: {
  "requestId": "157c8261-f0e8-4392-be3a-cf421b28882d",
  "method": "GET",
  "uri": "/"
}
2017-04-09T02:21:50.467 Executed HTTP request: {
  "requestId": "157c8261-f0e8-4392-be3a-cf421b28882d",
  "method": "GET",
  "uri": "/",
  "authorizationLevel": "Anonymous"
}
2017-04-09T02:21:50.467 Response details: {
  "requestId": "157c8261-f0e8-4392-be3a-cf421b28882d",
  "status": "OK"
}
2017-04-09T02:21:50.839 Executing HTTP request: {
  "requestId": "b480ce2a-e2fb-44f1-a0dd-e89f0b218f3f",
  "method": "GET",
  "uri": "/"
}
2017-04-09T02:21:50.839 Executed HTTP request: {
  "requestId": "b480ce2a-e2fb-44f1-a0dd-e89f0b218f3f",
  "method": "GET",
  "uri": "/",
  "authorizationLevel": "Anonymous"
}
2017-04-09T02:21:50.839 Response details: {
  "requestId": "b480ce2a-e2fb-44f1-a0dd-e89f0b218f3f",
  "status": "OK"
}
2017-04-09T02:22:01.074 Executing HTTP request: {
  "requestId": "14c3c218-f377-46b5-abb6-3076f9287cd6",
  "method": "GET",
  "uri": "/"
}
2017-04-09T02:22:01.074 Executed HTTP request: {
  "requestId": "14c3c218-f377-46b5-abb6-3076f9287cd6",
  "method": "GET",
  "uri": "/",
  "authorizationLevel": "Anonymous"
}
2017-04-09T02:22:01.074 Response details: {
  "requestId": "14c3c218-f377-46b5-abb6-3076f9287cd6",
  "status": "OK"
}
2017-04-09T02:22:11.366 Executing HTTP request: {
  "requestId": "dbd05ecc-2073-4da4-a350-e22d7877e202",
  "method": "GET",
  "uri": "/"
}
2017-04-09T02:22:11.366 Executed HTTP request: {
  "requestId": "dbd05ecc-2073-4da4-a350-e22d7877e202",
  "method": "GET",
  "uri": "/",
  "authorizationLevel": "Anonymous"
}
2017-04-09T02:22:11.366 Response details: {
  "requestId": "dbd05ecc-2073-4da4-a350-e22d7877e202",
  "status": "OK"
}
2017-04-09T02:22:21.627 Executing HTTP request: {
  "requestId": "51cc8c66-9d5b-4aaf-a075-560759cfaf90",
  "method": "GET",
  "uri": "/"
}
2017-04-09T02:22:21.627 Executed HTTP request: {
  "requestId": "51cc8c66-9d5b-4aaf-a075-560759cfaf90",
  "method": "GET",
  "uri": "/",
  "authorizationLevel": "Anonymous"
}
2017-04-09T02:22:21.627 Response details: {
  "requestId": "51cc8c66-9d5b-4aaf-a075-560759cfaf90",
  "status": "OK"
}
2017-04-09T02:22:31.865 Executing HTTP request: {
  "requestId": "e76374c2-c2e8-48f8-969a-84c2de407097",
  "method": "GET",
  "uri": "/"
}
2017-04-09T02:22:31.865 Executed HTTP request: {
  "requestId": "e76374c2-c2e8-48f8-969a-84c2de407097",
  "method": "GET",
  "uri": "/",
  "authorizationLevel": "Anonymous"
}
2017-04-09T02:22:31.865 Response details: {
  "requestId": "e76374c2-c2e8-48f8-969a-84c2de407097",
  "status": "OK"
}
2017-04-09T02:22:42.121 Executing HTTP request: {
  "requestId": "125bc6aa-6c2f-49bf-87ad-6eec1c142c50",
  "method": "GET",
  "uri": "/"
}
2017-04-09T02:22:42.121 Executed HTTP request: {
  "requestId": "125bc6aa-6c2f-49bf-87ad-6eec1c142c50",
  "method": "GET",
  "uri": "/",
  "authorizationLevel": "Anonymous"
}
2017-04-09T02:22:42.121 Response details: {
  "requestId": "125bc6aa-6c2f-49bf-87ad-6eec1c142c50",
  "status": "OK"
}
2017-04-09T02:22:52.392 Executing HTTP request: {
  "requestId": "8d25774d-877e-4abd-b30c-9c0a8fa28ddf",
  "method": "GET",
  "uri": "/"
}
2017-04-09T02:22:52.392 Executed HTTP request: {
  "requestId": "8d25774d-877e-4abd-b30c-9c0a8fa28ddf",
  "method": "GET",
  "uri": "/",
  "authorizationLevel": "Anonymous"
}
2017-04-09T02:22:52.392 Response details: {
  "requestId": "8d25774d-877e-4abd-b30c-9c0a8fa28ddf",
  "status": "OK"
}
2017-04-09T02:23:02.638 Executing HTTP request: {
  "requestId": "5e2b7487-23f7-4e69-8a22-ba38a5d03f59",
  "method": "GET",
  "uri": "/"
}
2017-04-09T02:23:02.638 Executed HTTP request: {
  "requestId": "5e2b7487-23f7-4e69-8a22-ba38a5d03f59",
  "method": "GET",
  "uri": "/",
  "authorizationLevel": "Anonymous"
}
2017-04-09T02:23:02.638 Response details: {
  "requestId": "5e2b7487-23f7-4e69-8a22-ba38a5d03f59",
  "status": "OK"
}
2017-04-09T02:23:12.851 Executing HTTP request: {
  "requestId": "8e8af079-cfc3-4620-8ea7-63ec11f31238",
  "method": "GET",
  "uri": "/"
}
2017-04-09T02:23:12.851 Executed HTTP request: {
  "requestId": "8e8af079-cfc3-4620-8ea7-63ec11f31238",
  "method": "GET",
  "uri": "/",
  "authorizationLevel": "Anonymous"
}
2017-04-09T02:23:12.851 Response details: {
  "requestId": "8e8af079-cfc3-4620-8ea7-63ec11f31238",
  "status": "OK"
}
2017-04-09T02:23:23.105 Executing HTTP request: {
  "requestId": "d35d4d52-69d7-4a50-8f50-558b235391fd",
  "method": "GET",
  "uri": "/"
}
2017-04-09T02:23:23.105 Executed HTTP request: {
  "requestId": "d35d4d52-69d7-4a50-8f50-558b235391fd",
  "method": "GET",
  "uri": "/",
  "authorizationLevel": "Anonymous"
}
2017-04-09T02:23:23.105 Response details: {
  "requestId": "d35d4d52-69d7-4a50-8f50-558b235391fd",
  "status": "OK"
}
2017-04-09T02:23:33.356 Executing HTTP request: {
  "requestId": "90f243d4-848d-4607-ae44-8dfbd657e5f3",
  "method": "GET",
  "uri": "/"
}
2017-04-09T02:23:33.356 Executed HTTP request: {
  "requestId": "90f243d4-848d-4607-ae44-8dfbd657e5f3",
  "method": "GET",
  "uri": "/",
  "authorizationLevel": "Anonymous"
}
2017-04-09T02:23:33.356 Response details: {
  "requestId": "90f243d4-848d-4607-ae44-8dfbd657e5f3",
  "status": "OK"
}
2017-04-09T02:23:43.621 Executing HTTP request: {
  "requestId": "1c7abdc7-b148-4940-952f-59a037a94554",
  "method": "GET",
  "uri": "/"
}
2017-04-09T02:23:43.621 Executed HTTP request: {
  "requestId": "1c7abdc7-b148-4940-952f-59a037a94554",
  "method": "GET",
  "uri": "/",
  "authorizationLevel": "Anonymous"
}
2017-04-09T02:23:43.621 Response details: {
  "requestId": "1c7abdc7-b148-4940-952f-59a037a94554",
  "status": "OK"
}
2017-04-09T02:23:53.881 Executing HTTP request: {
  "requestId": "7c423211-58e6-4cad-a1b1-d8a5746e5339",
  "method": "GET",
  "uri": "/"
}
2017-04-09T02:23:53.881 Executed HTTP request: {
  "requestId": "7c423211-58e6-4cad-a1b1-d8a5746e5339",
  "method": "GET",
  "uri": "/",
  "authorizationLevel": "Anonymous"
}
2017-04-09T02:23:53.881 Response details: {
  "requestId": "7c423211-58e6-4cad-a1b1-d8a5746e5339",
  "status": "OK"
}
2017-04-09T02:24:04.164 Executing HTTP request: {
  "requestId": "71a10891-a8ef-4822-86c1-47b68e6245fd",
  "method": "GET",
  "uri": "/"
}
2017-04-09T02:24:04.164 Executed HTTP request: {
  "requestId": "71a10891-a8ef-4822-86c1-47b68e6245fd",
  "method": "GET",
  "uri": "/",
  "authorizationLevel": "Anonymous"
}
2017-04-09T02:24:04.164 Response details: {
  "requestId": "71a10891-a8ef-4822-86c1-47b68e6245fd",
  "status": "OK"
}
2017-04-09T02:24:14.410 Executing HTTP request: {
  "requestId": "cdf47e21-70d4-4c8d-857d-76c185079c9a",
  "method": "GET",
  "uri": "/"
}
2017-04-09T02:24:14.410 Executed HTTP request: {
  "requestId": "cdf47e21-70d4-4c8d-857d-76c185079c9a",
  "method": "GET",
  "uri": "/",
  "authorizationLevel": "Anonymous"
}
2017-04-09T02:24:14.410 Response details: {
  "requestId": "cdf47e21-70d4-4c8d-857d-76c185079c9a",
  "status": "OK"
}
2017-04-09T02:24:24.693 Executing HTTP request: {
  "requestId": "33d49ce3-19aa-4fa8-8c82-db601d1e63a2",
  "method": "GET",
  "uri": "/"
}
2017-04-09T02:24:24.693 Executed HTTP request: {
  "requestId": "33d49ce3-19aa-4fa8-8c82-db601d1e63a2",
  "method": "GET",
  "uri": "/",
  "authorizationLevel": "Anonymous"
}
2017-04-09T02:24:24.693 Response details: {
  "requestId": "33d49ce3-19aa-4fa8-8c82-db601d1e63a2",
  "status": "OK"
}
2017-04-09T02:24:34.926 Executing HTTP request: {
  "requestId": "df6b3553-2472-44f1-813d-6ca4631ab382",
  "method": "GET",
  "uri": "/"
}
2017-04-09T02:24:34.990 Executed HTTP request: {
  "requestId": "df6b3553-2472-44f1-813d-6ca4631ab382",
  "method": "GET",
  "uri": "/",
  "authorizationLevel": "Anonymous"
}
2017-04-09T02:24:34.990 Response details: {
  "requestId": "df6b3553-2472-44f1-813d-6ca4631ab382",
  "status": "OK"
}
2017-04-09T02:24:45.181 Executing HTTP request: {
  "requestId": "8275c2a6-f9bf-43c7-9ebe-96fe65ed7edf",
  "method": "GET",
  "uri": "/"
}
2017-04-09T02:24:45.181 Executed HTTP request: {
  "requestId": "8275c2a6-f9bf-43c7-9ebe-96fe65ed7edf",
  "method": "GET",
  "uri": "/",
  "authorizationLevel": "Anonymous"
}
2017-04-09T02:24:45.181 Response details: {
  "requestId": "8275c2a6-f9bf-43c7-9ebe-96fe65ed7edf",
  "status": "OK"
}
2017-04-09T02:24:55.461 Executing HTTP request: {
  "requestId": "1beb7bdf-6f81-4653-b885-42341f454434",
  "method": "GET",
  "uri": "/"
}
2017-04-09T02:24:55.461 Executed HTTP request: {
  "requestId": "1beb7bdf-6f81-4653-b885-42341f454434",
  "method": "GET",
  "uri": "/",
  "authorizationLevel": "Anonymous"
}
2017-04-09T02:24:55.461 Response details: {
  "requestId": "1beb7bdf-6f81-4653-b885-42341f454434",
  "status": "OK"
}
2017-04-09T02:24:57.834 Executing HTTP request: {
  "requestId": "94c83237-2eea-453e-bc35-116ffd7af78d",
  "method": "GET",
  "uri": "/"
}
2017-04-09T02:24:57.834 Executed HTTP request: {
  "requestId": "94c83237-2eea-453e-bc35-116ffd7af78d",
  "method": "GET",
  "uri": "/",
  "authorizationLevel": "Anonymous"
}
2017-04-09T02:24:57.834 Response details: {
  "requestId": "94c83237-2eea-453e-bc35-116ffd7af78d",
  "status": "OK"
}
2017-04-09T02:25:05.741 Executing HTTP request: {
  "requestId": "2a472f8b-8ab7-4fea-a31f-597f9fe57ea9",
  "method": "GET",
  "uri": "/"
}
2017-04-09T02:25:05.741 Executed HTTP request: {
  "requestId": "2a472f8b-8ab7-4fea-a31f-597f9fe57ea9",
  "method": "GET",
  "uri": "/",
  "authorizationLevel": "Anonymous"
}
2017-04-09T02:25:05.741 Response details: {
  "requestId": "2a472f8b-8ab7-4fea-a31f-597f9fe57ea9",
  "status": "OK"
}
2017-04-09T02:25:15.983 Executing HTTP request: {
  "requestId": "1974f2ee-4e99-44f1-871e-dd2d535756f4",
  "method": "GET",
  "uri": "/"
}
2017-04-09T02:25:15.983 Executed HTTP request: {
  "requestId": "1974f2ee-4e99-44f1-871e-dd2d535756f4",
  "method": "GET",
  "uri": "/",
  "authorizationLevel": "Anonymous"
}
2017-04-09T02:25:15.983 Response details: {
  "requestId": "1974f2ee-4e99-44f1-871e-dd2d535756f4",
  "status": "OK"
}
2017-04-09T02:25:26.287 Executing HTTP request: {
  "requestId": "4238b981-ff38-4085-8519-6fc29062c1c2",
  "method": "GET",
  "uri": "/"
}
2017-04-09T02:25:26.287 Executed HTTP request: {
  "requestId": "4238b981-ff38-4085-8519-6fc29062c1c2",
  "method": "GET",
  "uri": "/",
  "authorizationLevel": "Anonymous"
}
2017-04-09T02:25:26.287 Response details: {
  "requestId": "4238b981-ff38-4085-8519-6fc29062c1c2",
  "status": "OK"
}
2017-04-09T02:25:36.512 Executing HTTP request: {
  "requestId": "1036694e-3315-430f-9c3c-decd31b09403",
  "method": "GET",
  "uri": "/"
}
2017-04-09T02:25:36.512 Executed HTTP request: {
  "requestId": "1036694e-3315-430f-9c3c-decd31b09403",
  "method": "GET",
  "uri": "/",
  "authorizationLevel": "Anonymous"
}
2017-04-09T02:25:36.512 Response details: {
  "requestId": "1036694e-3315-430f-9c3c-decd31b09403",
  "status": "OK"
}
2017-04-09T02:25:46.729 Executing HTTP request: {
  "requestId": "485d44fe-b29d-408b-adf6-22f0e7ea63a5",
  "method": "GET",
  "uri": "/"
}
2017-04-09T02:25:46.729 Executed HTTP request: {
  "requestId": "485d44fe-b29d-408b-adf6-22f0e7ea63a5",
  "method": "GET",
  "uri": "/",
  "authorizationLevel": "Anonymous"
}
2017-04-09T02:25:46.729 Response details: {
  "requestId": "485d44fe-b29d-408b-adf6-22f0e7ea63a5",
  "status": "OK"
}
2017-04-09T02:25:56.995 Executing HTTP request: {
  "requestId": "52dd3e1f-4496-4f86-9f2a-fdcd5933770f",
  "method": "GET",
  "uri": "/"
}
2017-04-09T02:25:57.011 Executed HTTP request: {
  "requestId": "52dd3e1f-4496-4f86-9f2a-fdcd5933770f",
  "method": "GET",
  "uri": "/",
  "authorizationLevel": "Anonymous"
}
2017-04-09T02:25:57.011 Response details: {
  "requestId": "52dd3e1f-4496-4f86-9f2a-fdcd5933770f",
  "status": "OK"
}
2017-04-09T02:26:07.308 Executing HTTP request: {
  "requestId": "39e6cc44-d2eb-4526-b1b6-71935dd95eea",
  "method": "GET",
  "uri": "/"
}
2017-04-09T02:26:07.308 Executed HTTP request: {
  "requestId": "39e6cc44-d2eb-4526-b1b6-71935dd95eea",
  "method": "GET",
  "uri": "/",
  "authorizationLevel": "Anonymous"
}
2017-04-09T02:26:07.308 Response details: {
  "requestId": "39e6cc44-d2eb-4526-b1b6-71935dd95eea",
  "status": "OK"
}
2017-04-09T02:26:17.653 Executing HTTP request: {
  "requestId": "3a34b1b6-ef2d-44a1-9361-e6eee5648c74",
  "method": "GET",
  "uri": "/"
}
2017-04-09T02:26:17.653 Executed HTTP request: {
  "requestId": "3a34b1b6-ef2d-44a1-9361-e6eee5648c74",
  "method": "GET",
  "uri": "/",
  "authorizationLevel": "Anonymous"
}
2017-04-09T02:26:17.653 Response details: {
  "requestId": "3a34b1b6-ef2d-44a1-9361-e6eee5648c74",
  "status": "OK"
}
2017-04-09T02:50:52.458 Executed HTTP request: {
  "requestId": "8cc01de9-f56f-422c-bf5f-4958e7c99254",
  "method": "GET",
  "uri": "/admin/host/status",
  "authorizationLevel": "Anonymous"
}
2017-04-09T02:50:52.458 Response details: {
  "requestId": "8cc01de9-f56f-422c-bf5f-4958e7c99254",
  "status": "Unauthorized"
}
2017-04-09T02:50:52.872 Executing HTTP request: {
  "requestId": "2bf74eca-d4e7-4d1b-a57d-36f598e31676",
  "method": "POST",
  "uri": "/api/messages"
}
2017-04-09T02:50:52.872 Executing 'Functions.messages' (Reason='This function was programmatically called via the host APIs.', Id=b42eaf77-d66d-4ae8-af3f-40534d94dfb5)
2017-04-09T02:50:52.887 Function started (Id=b42eaf77-d66d-4ae8-af3f-40534d94dfb5)
2017-04-09T02:50:52.887 Webhook was triggered!
2017-04-09T02:50:52.887 Function completed (Success, Id=b42eaf77-d66d-4ae8-af3f-40534d94dfb5)
2017-04-09T02:50:52.887 Executed 'Functions.messages' (Succeeded, Id=b42eaf77-d66d-4ae8-af3f-40534d94dfb5)
2017-04-09T02:50:52.887 Executed HTTP request: {
  "requestId": "2bf74eca-d4e7-4d1b-a57d-36f598e31676",
  "method": "POST",
  "uri": "/api/messages",
  "authorizationLevel": "Function"
}
2017-04-09T02:50:52.887 Response details: {
  "requestId": "2bf74eca-d4e7-4d1b-a57d-36f598e31676",
  "status": "Accepted"
}
2017-04-09T02:50:55.261 Executing HTTP request: {
  "requestId": "f88289e9-33f2-477b-aade-f9f6aad323db",
  "method": "GET",
  "uri": "/"
}
2017-04-09T02:50:55.272 Executed HTTP request: {
  "requestId": "f88289e9-33f2-477b-aade-f9f6aad323db",
  "method": "GET",
  "uri": "/",
  "authorizationLevel": "Anonymous"
}
2017-04-09T02:50:55.272 Response details: {
  "requestId": "f88289e9-33f2-477b-aade-f9f6aad323db",
  "status": "OK"
}
2017-04-09T02:51:05.523 Executing HTTP request: {
  "requestId": "0798ef13-ceaf-46d3-adf0-be52c2cecce9",
  "method": "GET",
  "uri": "/"
}
2017-04-09T02:51:05.523 Executed HTTP request: {
  "requestId": "0798ef13-ceaf-46d3-adf0-be52c2cecce9",
  "method": "GET",
  "uri": "/",
  "authorizationLevel": "Anonymous"
}
2017-04-09T02:51:05.523 Response details: {
  "requestId": "0798ef13-ceaf-46d3-adf0-be52c2cecce9",
  "status": "OK"
}
2017-04-09T02:51:15.774 Executing HTTP request: {
  "requestId": "a2c6f520-c05b-46df-8b06-1722e78b7a8d",
  "method": "GET",
  "uri": "/"
}
2017-04-09T02:51:15.774 Executed HTTP request: {
  "requestId": "a2c6f520-c05b-46df-8b06-1722e78b7a8d",
  "method": "GET",
  "uri": "/",
  "authorizationLevel": "Anonymous"
}
2017-04-09T02:51:15.774 Response details: {
  "requestId": "a2c6f520-c05b-46df-8b06-1722e78b7a8d",
  "status": "OK"
}
2017-04-09T02:51:23.151 Executing HTTP request: {
  "requestId": "c4c0bff0-a5a3-40be-960b-f1eec38dab5c",
  "method": "POST",
  "uri": "/api/messages"
}
2017-04-09T02:51:23.151 Executing 'Functions.messages' (Reason='This function was programmatically called via the host APIs.', Id=38411fac-9950-46e3-bb98-a2c6682b34ee)
2017-04-09T02:51:23.151 Function started (Id=38411fac-9950-46e3-bb98-a2c6682b34ee)
2017-04-09T02:51:23.151 Webhook was triggered!
2017-04-09T02:51:24.415 Function completed (Success, Id=38411fac-9950-46e3-bb98-a2c6682b34ee)
2017-04-09T02:51:24.415 Executed 'Functions.messages' (Succeeded, Id=38411fac-9950-46e3-bb98-a2c6682b34ee)
2017-04-09T02:51:24.415 Executed HTTP request: {
  "requestId": "c4c0bff0-a5a3-40be-960b-f1eec38dab5c",
  "method": "POST",
  "uri": "/api/messages",
  "authorizationLevel": "Function"
}
2017-04-09T02:51:24.415 Response details: {
  "requestId": "c4c0bff0-a5a3-40be-960b-f1eec38dab5c",
  "status": "Accepted"
}
2017-04-09T02:51:24.986 Executing HTTP request: {
  "requestId": "e27ad1a8-ea12-4c1a-b94b-16d9c5fac551",
  "method": "POST",
  "uri": "/api/messages"
}
2017-04-09T02:51:24.986 Executing 'Functions.messages' (Reason='This function was programmatically called via the host APIs.', Id=07fa6b18-172f-4b07-9e0d-17d3c9574261)
2017-04-09T02:51:24.986 Function started (Id=07fa6b18-172f-4b07-9e0d-17d3c9574261)
2017-04-09T02:51:24.986 Webhook was triggered!
2017-04-09T02:51:26.035 Executing HTTP request: {
  "requestId": "8e4c1d5c-ebe1-457a-95da-b2f5f682733a",
  "method": "GET",
  "uri": "/"
}
2017-04-09T02:51:26.035 Executed HTTP request: {
  "requestId": "8e4c1d5c-ebe1-457a-95da-b2f5f682733a",
  "method": "GET",
  "uri": "/",
  "authorizationLevel": "Anonymous"
}
2017-04-09T02:51:26.035 Response details: {
  "requestId": "8e4c1d5c-ebe1-457a-95da-b2f5f682733a",
  "status": "OK"
}
2017-04-09T02:51:28.843 Function completed (Success, Id=07fa6b18-172f-4b07-9e0d-17d3c9574261)
2017-04-09T02:51:28.843 Executed 'Functions.messages' (Succeeded, Id=07fa6b18-172f-4b07-9e0d-17d3c9574261)
2017-04-09T02:51:28.843 Executed HTTP request: {
  "requestId": "e27ad1a8-ea12-4c1a-b94b-16d9c5fac551",
  "method": "POST",
  "uri": "/api/messages",
  "authorizationLevel": "Function"
}
2017-04-09T02:51:28.843 Response details: {
  "requestId": "e27ad1a8-ea12-4c1a-b94b-16d9c5fac551",
  "status": "Accepted"
}
2017-04-09T02:51:36.295 Executing HTTP request: {
  "requestId": "d7fb4868-cdd8-4119-88a0-a20ce9fc32b7",
  "method": "GET",
  "uri": "/"
}
2017-04-09T02:51:36.295 Executed HTTP request: {
  "requestId": "d7fb4868-cdd8-4119-88a0-a20ce9fc32b7",
  "method": "GET",
  "uri": "/",
  "authorizationLevel": "Anonymous"
}
2017-04-09T02:51:36.295 Response details: {
  "requestId": "d7fb4868-cdd8-4119-88a0-a20ce9fc32b7",
  "status": "OK"
}
2017-04-09T02:51:46.593 Executing HTTP request: {
  "requestId": "c295f454-0eff-43d6-be1e-9f8f5cbe08a1",
  "method": "GET",
  "uri": "/"
}
2017-04-09T02:51:46.593 Executed HTTP request: {
  "requestId": "c295f454-0eff-43d6-be1e-9f8f5cbe08a1",
  "method": "GET",
  "uri": "/",
  "authorizationLevel": "Anonymous"
}
2017-04-09T02:51:46.593 Response details: {
  "requestId": "c295f454-0eff-43d6-be1e-9f8f5cbe08a1",
  "status": "OK"
}
2017-04-09T02:51:50.265 Executing HTTP request: {
  "requestId": "4c7fcb54-caa6-44cc-a96f-2157b783f558",
  "method": "GET",
  "uri": "/admin/host/status"
}
2017-04-09T02:51:50.281 Executed HTTP request: {
  "requestId": "4c7fcb54-caa6-44cc-a96f-2157b783f558",
  "method": "GET",
  "uri": "/admin/host/status",
  "authorizationLevel": "Anonymous"
}
2017-04-09T02:51:50.281 Response details: {
  "requestId": "4c7fcb54-caa6-44cc-a96f-2157b783f558",
  "status": "Unauthorized"
}
2017-04-09T02:51:56.817 Executing HTTP request: {
  "requestId": "3caabcb1-a453-467c-ad1b-16cf05c7fd7d",
  "method": "GET",
  "uri": "/"
}
2017-04-09T02:51:56.817 Executed HTTP request: {
  "requestId": "3caabcb1-a453-467c-ad1b-16cf05c7fd7d",
  "method": "GET",
  "uri": "/",
  "authorizationLevel": "Anonymous"
}
2017-04-09T02:51:56.817 Response details: {
  "requestId": "3caabcb1-a453-467c-ad1b-16cf05c7fd7d",
  "status": "OK"
}
2017-04-09T02:52:07.046 Executing HTTP request: {
  "requestId": "4916329b-82d8-4584-9b87-e85827fe4d01",
  "method": "GET",
  "uri": "/"
}
2017-04-09T02:52:07.046 Executed HTTP request: {
  "requestId": "4916329b-82d8-4584-9b87-e85827fe4d01",
  "method": "GET",
  "uri": "/",
  "authorizationLevel": "Anonymous"
}
2017-04-09T02:52:07.046 Response details: {
  "requestId": "4916329b-82d8-4584-9b87-e85827fe4d01",
  "status": "OK"
}
2017-04-09T02:52:17.301 Executing HTTP request: {
  "requestId": "637dda6f-7db0-4160-b09d-83ca15b2e575",
  "method": "GET",
  "uri": "/"
}
2017-04-09T02:52:17.301 Executed HTTP request: {
  "requestId": "637dda6f-7db0-4160-b09d-83ca15b2e575",
  "method": "GET",
  "uri": "/",
  "authorizationLevel": "Anonymous"
}
2017-04-09T02:52:17.301 Response details: {
  "requestId": "637dda6f-7db0-4160-b09d-83ca15b2e575",
  "status": "OK"
}
2017-04-09T02:52:27.609 Executing HTTP request: {
  "requestId": "92fb72d1-2b40-4090-a0c2-69597b952b64",
  "method": "GET",
  "uri": "/"
}
2017-04-09T02:52:27.609 Executed HTTP request: {
  "requestId": "92fb72d1-2b40-4090-a0c2-69597b952b64",
  "method": "GET",
  "uri": "/",
  "authorizationLevel": "Anonymous"
}
2017-04-09T02:52:27.609 Response details: {
  "requestId": "92fb72d1-2b40-4090-a0c2-69597b952b64",
  "status": "OK"
}
2017-04-09T02:52:37.881 Executing HTTP request: {
  "requestId": "34dd73fc-e009-4c4c-82c5-cc586188c1a2",
  "method": "GET",
  "uri": "/"
}
2017-04-09T02:52:37.881 Executed HTTP request: {
  "requestId": "34dd73fc-e009-4c4c-82c5-cc586188c1a2",
  "method": "GET",
  "uri": "/",
  "authorizationLevel": "Anonymous"
}
2017-04-09T02:52:37.881 Response details: {
  "requestId": "34dd73fc-e009-4c4c-82c5-cc586188c1a2",
  "status": "OK"
}
2017-04-09T02:52:48.204 Executing HTTP request: {
  "requestId": "449e410c-3745-42e5-a9da-c84628d9f881",
  "method": "GET",
  "uri": "/"
}
2017-04-09T02:52:48.204 Executed HTTP request: {
  "requestId": "449e410c-3745-42e5-a9da-c84628d9f881",
  "method": "GET",
  "uri": "/",
  "authorizationLevel": "Anonymous"
}
2017-04-09T02:52:48.204 Response details: {
  "requestId": "449e410c-3745-42e5-a9da-c84628d9f881",
  "status": "OK"
}
2017-04-09T02:52:58.486 Executing HTTP request: {
  "requestId": "383f1e87-b28b-4c25-af11-1249c6cd5e2f",
  "method": "GET",
  "uri": "/"
}
2017-04-09T02:52:58.501 Executed HTTP request: {
  "requestId": "383f1e87-b28b-4c25-af11-1249c6cd5e2f",
  "method": "GET",
  "uri": "/",
  "authorizationLevel": "Anonymous"
}
2017-04-09T02:52:58.501 Response details: {
  "requestId": "383f1e87-b28b-4c25-af11-1249c6cd5e2f",
  "status": "OK"
}
2017-04-09T02:53:08.778 Executing HTTP request: {
  "requestId": "1c63d0df-f880-48ff-89c9-7f445fbc04ae",
  "method": "GET",
  "uri": "/"
}
2017-04-09T02:53:08.778 Executed HTTP request: {
  "requestId": "1c63d0df-f880-48ff-89c9-7f445fbc04ae",
  "method": "GET",
  "uri": "/",
  "authorizationLevel": "Anonymous"
}
2017-04-09T02:53:08.778 Response details: {
  "requestId": "1c63d0df-f880-48ff-89c9-7f445fbc04ae",
  "status": "OK"
}
2017-04-09T02:53:19.039 Executing HTTP request: {
  "requestId": "dc639c1f-45ba-4a70-96a8-078b7308521c",
  "method": "GET",
  "uri": "/"
}
2017-04-09T02:53:19.039 Executed HTTP request: {
  "requestId": "dc639c1f-45ba-4a70-96a8-078b7308521c",
  "method": "GET",
  "uri": "/",
  "authorizationLevel": "Anonymous"
}
2017-04-09T02:53:19.039 Response details: {
  "requestId": "dc639c1f-45ba-4a70-96a8-078b7308521c",
  "status": "OK"
}
2017-04-09T02:53:29.299 Executing HTTP request: {
  "requestId": "474609bd-1ae9-4708-aea3-928a5b66afcd",
  "method": "GET",
  "uri": "/"
}
2017-04-09T02:53:29.299 Executed HTTP request: {
  "requestId": "474609bd-1ae9-4708-aea3-928a5b66afcd",
  "method": "GET",
  "uri": "/",
  "authorizationLevel": "Anonymous"
}
2017-04-09T02:53:29.299 Response details: {
  "requestId": "474609bd-1ae9-4708-aea3-928a5b66afcd",
  "status": "OK"
}
2017-04-09T02:53:39.576 Executing HTTP request: {
  "requestId": "edff352c-6e40-4eaa-90d8-6bbae1330409",
  "method": "GET",
  "uri": "/"
}
2017-04-09T02:53:39.576 Executed HTTP request: {
  "requestId": "edff352c-6e40-4eaa-90d8-6bbae1330409",
  "method": "GET",
  "uri": "/",
  "authorizationLevel": "Anonymous"
}
2017-04-09T02:53:39.576 Response details: {
  "requestId": "edff352c-6e40-4eaa-90d8-6bbae1330409",
  "status": "OK"
}
2017-04-09T02:53:49.907 Executing HTTP request: {
  "requestId": "f09ce20c-0938-4513-8029-2fbfacda2b4f",
  "method": "GET",
  "uri": "/"
}
2017-04-09T02:53:49.907 Executed HTTP request: {
  "requestId": "f09ce20c-0938-4513-8029-2fbfacda2b4f",
  "method": "GET",
  "uri": "/",
  "authorizationLevel": "Anonymous"
}
2017-04-09T02:53:49.907 Response details: {
  "requestId": "f09ce20c-0938-4513-8029-2fbfacda2b4f",
  "status": "OK"
}
2017-04-09T02:54:00.145 Executing HTTP request: {
  "requestId": "70ec766f-74c6-4efb-a37b-31fb36a198a7",
  "method": "GET",
  "uri": "/"
}
2017-04-09T02:54:00.145 Executed HTTP request: {
  "requestId": "70ec766f-74c6-4efb-a37b-31fb36a198a7",
  "method": "GET",
  "uri": "/",
  "authorizationLevel": "Anonymous"
}
2017-04-09T02:54:00.145 Response details: {
  "requestId": "70ec766f-74c6-4efb-a37b-31fb36a198a7",
  "status": "OK"
}
2017-04-09T02:54:10.364 Executing HTTP request: {
  "requestId": "894737bd-587d-4798-a3e7-c1bdde7e70f4",
  "method": "GET",
  "uri": "/"
}
2017-04-09T02:54:10.364 Executed HTTP request: {
  "requestId": "894737bd-587d-4798-a3e7-c1bdde7e70f4",
  "method": "GET",
  "uri": "/",
  "authorizationLevel": "Anonymous"
}
2017-04-09T02:54:10.364 Response details: {
  "requestId": "894737bd-587d-4798-a3e7-c1bdde7e70f4",
  "status": "OK"
}
2017-04-09T02:54:20.632 Executing HTTP request: {
  "requestId": "daa0b700-96eb-427d-9a26-55847d9f2ead",
  "method": "GET",
  "uri": "/"
}
2017-04-09T02:54:20.632 Executed HTTP request: {
  "requestId": "daa0b700-96eb-427d-9a26-55847d9f2ead",
  "method": "GET",
  "uri": "/",
  "authorizationLevel": "Anonymous"
}
2017-04-09T02:54:20.632 Response details: {
  "requestId": "daa0b700-96eb-427d-9a26-55847d9f2ead",
  "status": "OK"
}
2017-04-09T02:54:30.905 Executing HTTP request: {
  "requestId": "6480e910-2cc0-403b-9114-35de3c6b4d20",
  "method": "GET",
  "uri": "/"
}
2017-04-09T02:54:30.905 Executed HTTP request: {
  "requestId": "6480e910-2cc0-403b-9114-35de3c6b4d20",
  "method": "GET",
  "uri": "/",
  "authorizationLevel": "Anonymous"
}
2017-04-09T02:54:30.905 Response details: {
  "requestId": "6480e910-2cc0-403b-9114-35de3c6b4d20",
  "status": "OK"
}
2017-04-09T02:54:41.161 Executing HTTP request: {
  "requestId": "387368b9-308a-4029-9e95-8a4c3395dcfd",
  "method": "GET",
  "uri": "/"
}
2017-04-09T02:54:41.161 Executed HTTP request: {
  "requestId": "387368b9-308a-4029-9e95-8a4c3395dcfd",
  "method": "GET",
  "uri": "/",
  "authorizationLevel": "Anonymous"
}
2017-04-09T02:54:41.161 Response details: {
  "requestId": "387368b9-308a-4029-9e95-8a4c3395dcfd",
  "status": "OK"
}
2017-04-09T02:54:51.432 Executing HTTP request: {
  "requestId": "63614960-6aa7-4787-bbba-e5fdff5ce817",
  "method": "GET",
  "uri": "/"
}
2017-04-09T02:54:51.432 Executed HTTP request: {
  "requestId": "63614960-6aa7-4787-bbba-e5fdff5ce817",
  "method": "GET",
  "uri": "/",
  "authorizationLevel": "Anonymous"
}
2017-04-09T02:54:51.432 Response details: {
  "requestId": "63614960-6aa7-4787-bbba-e5fdff5ce817",
  "status": "OK"
}
2017-04-09T02:55:01.709 Executing HTTP request: {
  "requestId": "346080c8-7fc0-4f81-aaef-e86e95993e9c",
  "method": "GET",
  "uri": "/"
}
2017-04-09T02:55:01.709 Executed HTTP request: {
  "requestId": "346080c8-7fc0-4f81-aaef-e86e95993e9c",
  "method": "GET",
  "uri": "/",
  "authorizationLevel": "Anonymous"
}
2017-04-09T02:55:01.709 Response details: {
  "requestId": "346080c8-7fc0-4f81-aaef-e86e95993e9c",
  "status": "OK"
}
2017-04-09T02:55:11.974 Executing HTTP request: {
  "requestId": "b4204b83-54b1-493a-ad0c-30eba344f90d",
  "method": "GET",
  "uri": "/"
}
2017-04-09T02:55:11.974 Executed HTTP request: {
  "requestId": "b4204b83-54b1-493a-ad0c-30eba344f90d",
  "method": "GET",
  "uri": "/",
  "authorizationLevel": "Anonymous"
}
2017-04-09T02:55:11.974 Response details: {
  "requestId": "b4204b83-54b1-493a-ad0c-30eba344f90d",
  "status": "OK"
}
2017-04-09T02:55:22.197 Executing HTTP request: {
  "requestId": "a80733ae-9a33-4247-a3c7-0f5d9e1c49d3",
  "method": "GET",
  "uri": "/"
}
2017-04-09T02:55:22.197 Executed HTTP request: {
  "requestId": "a80733ae-9a33-4247-a3c7-0f5d9e1c49d3",
  "method": "GET",
  "uri": "/",
  "authorizationLevel": "Anonymous"
}
2017-04-09T02:55:22.197 Response details: {
  "requestId": "a80733ae-9a33-4247-a3c7-0f5d9e1c49d3",
  "status": "OK"
}
2017-04-09T02:55:32.485 Executing HTTP request: {
  "requestId": "3a7ab263-0bfc-4491-ae39-83f200d3e7a9",
  "method": "GET",
  "uri": "/"
}
2017-04-09T02:55:32.485 Executed HTTP request: {
  "requestId": "3a7ab263-0bfc-4491-ae39-83f200d3e7a9",
  "method": "GET",
  "uri": "/",
  "authorizationLevel": "Anonymous"
}
2017-04-09T02:55:32.485 Response details: {
  "requestId": "3a7ab263-0bfc-4491-ae39-83f200d3e7a9",
  "status": "OK"
}
2017-04-09T02:55:42.762 Executing HTTP request: {
  "requestId": "c194aa74-24d6-4ae0-9547-d08981274697",
  "method": "GET",
  "uri": "/"
}
2017-04-09T02:55:42.762 Executed HTTP request: {
  "requestId": "c194aa74-24d6-4ae0-9547-d08981274697",
  "method": "GET",
  "uri": "/",
  "authorizationLevel": "Anonymous"
}
2017-04-09T02:55:42.762 Response details: {
  "requestId": "c194aa74-24d6-4ae0-9547-d08981274697",
  "status": "OK"
}
2017-04-09T02:55:53.021 Executing HTTP request: {
  "requestId": "6583899c-93b4-406e-b8bc-8320703958cb",
  "method": "GET",
  "uri": "/"
}
2017-04-09T02:55:53.072 Executed HTTP request: {
  "requestId": "6583899c-93b4-406e-b8bc-8320703958cb",
  "method": "GET",
  "uri": "/",
  "authorizationLevel": "Anonymous"
}
2017-04-09T02:55:53.072 Response details: {
  "requestId": "6583899c-93b4-406e-b8bc-8320703958cb",
  "status": "OK"
}
2017-04-09T02:56:03.240 Executing HTTP request: {
  "requestId": "d51d5abf-ff2d-4e2c-90a6-bcfd6715c847",
  "method": "GET",
  "uri": "/"
}
2017-04-09T02:56:03.240 Executed HTTP request: {
  "requestId": "d51d5abf-ff2d-4e2c-90a6-bcfd6715c847",
  "method": "GET",
  "uri": "/",
  "authorizationLevel": "Anonymous"
}
2017-04-09T02:56:03.240 Response details: {
  "requestId": "d51d5abf-ff2d-4e2c-90a6-bcfd6715c847",
  "status": "OK"
}
2017-04-09T02:56:13.538 Executing HTTP request: {
  "requestId": "27d22798-0cf1-4331-a423-cbde375086fe",
  "method": "GET",
  "uri": "/"
}
2017-04-09T02:56:13.538 Executed HTTP request: {
  "requestId": "27d22798-0cf1-4331-a423-cbde375086fe",
  "method": "GET",
  "uri": "/",
  "authorizationLevel": "Anonymous"
}
2017-04-09T02:56:13.538 Response details: {
  "requestId": "27d22798-0cf1-4331-a423-cbde375086fe",
  "status": "OK"
}
2017-04-09T02:56:23.825 Executing HTTP request: {
  "requestId": "21e6f748-88a9-4a70-bdf7-5850f7329862",
  "method": "GET",
  "uri": "/"
}
2017-04-09T02:56:23.825 Executed HTTP request: {
  "requestId": "21e6f748-88a9-4a70-bdf7-5850f7329862",
  "method": "GET",
  "uri": "/",
  "authorizationLevel": "Anonymous"
}
2017-04-09T02:56:23.825 Response details: {
  "requestId": "21e6f748-88a9-4a70-bdf7-5850f7329862",
  "status": "OK"
}
2017-04-09T02:56:34.075 Executing HTTP request: {
  "requestId": "b220758b-b427-4ee2-9789-3f8cb3e29c71",
  "method": "GET",
  "uri": "/"
}
2017-04-09T02:56:34.075 Executed HTTP request: {
  "requestId": "b220758b-b427-4ee2-9789-3f8cb3e29c71",
  "method": "GET",
  "uri": "/",
  "authorizationLevel": "Anonymous"
}
2017-04-09T02:56:34.075 Response details: {
  "requestId": "b220758b-b427-4ee2-9789-3f8cb3e29c71",
  "status": "OK"
}
2017-04-09T02:56:44.304 Executing HTTP request: {
  "requestId": "ab7c345f-9fb2-4d35-b1f7-e21d6a45a503",
  "method": "GET",
  "uri": "/"
}
2017-04-09T02:56:44.304 Executed HTTP request: {
  "requestId": "ab7c345f-9fb2-4d35-b1f7-e21d6a45a503",
  "method": "GET",
  "uri": "/",
  "authorizationLevel": "Anonymous"
}
2017-04-09T02:56:44.304 Response details: {
  "requestId": "ab7c345f-9fb2-4d35-b1f7-e21d6a45a503",
  "status": "OK"
}
2017-04-09T02:56:54.568 Executing HTTP request: {
  "requestId": "01f03240-78ba-4c53-a4ca-5a44ad7754b2",
  "method": "GET",
  "uri": "/"
}
2017-04-09T02:56:54.568 Executed HTTP request: {
  "requestId": "01f03240-78ba-4c53-a4ca-5a44ad7754b2",
  "method": "GET",
  "uri": "/",
  "authorizationLevel": "Anonymous"
}
2017-04-09T02:56:54.568 Response details: {
  "requestId": "01f03240-78ba-4c53-a4ca-5a44ad7754b2",
  "status": "OK"
}
2017-04-09T02:57:04.805 Executing HTTP request: {
  "requestId": "410a600e-cc5c-49cd-957f-6097f8f821d4",
  "method": "GET",
  "uri": "/"
}
2017-04-09T02:57:04.805 Executed HTTP request: {
  "requestId": "410a600e-cc5c-49cd-957f-6097f8f821d4",
  "method": "GET",
  "uri": "/",
  "authorizationLevel": "Anonymous"
}
2017-04-09T02:57:04.805 Response details: {
  "requestId": "410a600e-cc5c-49cd-957f-6097f8f821d4",
  "status": "OK"
}
2017-04-09T02:57:15.081 Executing HTTP request: {
  "requestId": "40dc2bd0-e402-4398-9489-5c0d18e566a9",
  "method": "GET",
  "uri": "/"
}
2017-04-09T02:57:15.081 Executed HTTP request: {
  "requestId": "40dc2bd0-e402-4398-9489-5c0d18e566a9",
  "method": "GET",
  "uri": "/",
  "authorizationLevel": "Anonymous"
}
2017-04-09T02:57:15.081 Response details: {
  "requestId": "40dc2bd0-e402-4398-9489-5c0d18e566a9",
  "status": "OK"
}
2017-04-09T02:57:27.402 Executing HTTP request: {
  "requestId": "d8099c0e-5bbb-4758-931b-4e7b8a0818eb",
  "method": "GET",
  "uri": "/"
}
2017-04-09T02:57:27.402 Executed HTTP request: {
  "requestId": "d8099c0e-5bbb-4758-931b-4e7b8a0818eb",
  "method": "GET",
  "uri": "/",
  "authorizationLevel": "Anonymous"
}
2017-04-09T02:57:27.402 Response details: {
  "requestId": "d8099c0e-5bbb-4758-931b-4e7b8a0818eb",
  "status": "OK"
}
2017-04-09T02:57:37.678 Executing HTTP request: {
  "requestId": "6b789241-f738-4c98-9885-d7801b29504d",
  "method": "GET",
  "uri": "/"
}
2017-04-09T02:57:37.678 Executed HTTP request: {
  "requestId": "6b789241-f738-4c98-9885-d7801b29504d",
  "method": "GET",
  "uri": "/",
  "authorizationLevel": "Anonymous"
}
2017-04-09T02:57:37.678 Response details: {
  "requestId": "6b789241-f738-4c98-9885-d7801b29504d",
  "status": "OK"
}
2017-04-09T02:57:47.955 Executing HTTP request: {
  "requestId": "09d46793-17bd-4b3b-b4d1-c045a5df18d5",
  "method": "GET",
  "uri": "/"
}
2017-04-09T02:57:47.955 Executed HTTP request: {
  "requestId": "09d46793-17bd-4b3b-b4d1-c045a5df18d5",
  "method": "GET",
  "uri": "/",
  "authorizationLevel": "Anonymous"
}
2017-04-09T02:57:47.955 Response details: {
  "requestId": "09d46793-17bd-4b3b-b4d1-c045a5df18d5",
  "status": "OK"
}
2017-04-09T02:57:58.231 Executing HTTP request: {
  "requestId": "240eda40-8411-48af-a970-0f6d0f6faf6f",
  "method": "GET",
  "uri": "/"
}
2017-04-09T02:57:58.231 Executed HTTP request: {
  "requestId": "240eda40-8411-48af-a970-0f6d0f6faf6f",
  "method": "GET",
  "uri": "/",
  "authorizationLevel": "Anonymous"
}
2017-04-09T02:57:58.231 Response details: {
  "requestId": "240eda40-8411-48af-a970-0f6d0f6faf6f",
  "status": "OK"
}
2017-04-09T02:58:08.502 Executing HTTP request: {
  "requestId": "d9cbf623-8e1a-4b05-b189-92e0db4f438f",
  "method": "GET",
  "uri": "/"
}
2017-04-09T02:58:08.502 Executed HTTP request: {
  "requestId": "d9cbf623-8e1a-4b05-b189-92e0db4f438f",
  "method": "GET",
  "uri": "/",
  "authorizationLevel": "Anonymous"
}
2017-04-09T02:58:08.502 Response details: {
  "requestId": "d9cbf623-8e1a-4b05-b189-92e0db4f438f",
  "status": "OK"
}
2017-04-09T02:58:18.774 Executing HTTP request: {
  "requestId": "d6968cd7-dd84-4e0a-acee-bd16680110d2",
  "method": "GET",
  "uri": "/"
}
2017-04-09T02:58:18.774 Executed HTTP request: {
  "requestId": "d6968cd7-dd84-4e0a-acee-bd16680110d2",
  "method": "GET",
  "uri": "/",
  "authorizationLevel": "Anonymous"
}
2017-04-09T02:58:18.774 Response details: {
  "requestId": "d6968cd7-dd84-4e0a-acee-bd16680110d2",
  "status": "OK"
}
2017-04-09T02:58:29.008 Executing HTTP request: {
  "requestId": "309b65c7-0543-4b25-9b84-128917d3098f",
  "method": "GET",
  "uri": "/"
}
2017-04-09T02:58:29.008 Executed HTTP request: {
  "requestId": "309b65c7-0543-4b25-9b84-128917d3098f",
  "method": "GET",
  "uri": "/",
  "authorizationLevel": "Anonymous"
}
2017-04-09T02:58:29.008 Response details: {
  "requestId": "309b65c7-0543-4b25-9b84-128917d3098f",
  "status": "OK"
}
2017-04-09T02:58:39.295 Executing HTTP request: {
  "requestId": "56b42213-8f59-43f3-8527-7d07681a388d",
  "method": "GET",
  "uri": "/"
}
2017-04-09T02:58:39.295 Executed HTTP request: {
  "requestId": "56b42213-8f59-43f3-8527-7d07681a388d",
  "method": "GET",
  "uri": "/",
  "authorizationLevel": "Anonymous"
}
2017-04-09T02:58:39.295 Response details: {
  "requestId": "56b42213-8f59-43f3-8527-7d07681a388d",
  "status": "OK"
}
2017-04-09T02:58:49.742 Executing HTTP request: {
  "requestId": "a777ff90-39a2-48da-bfd9-3aad50e145e4",
  "method": "GET",
  "uri": "/"
}
2017-04-09T02:58:49.742 Executed HTTP request: {
  "requestId": "a777ff90-39a2-48da-bfd9-3aad50e145e4",
  "method": "GET",
  "uri": "/",
  "authorizationLevel": "Anonymous"
}
2017-04-09T02:58:49.742 Response details: {
  "requestId": "a777ff90-39a2-48da-bfd9-3aad50e145e4",
  "status": "OK"
}
2017-04-09T02:58:59.858 Executing HTTP request: {
  "requestId": "1e118860-d1b2-4c41-b0ce-163002ba0b54",
  "method": "GET",
  "uri": "/"
}
2017-04-09T02:58:59.858 Executed HTTP request: {
  "requestId": "1e118860-d1b2-4c41-b0ce-163002ba0b54",
  "method": "GET",
  "uri": "/",
  "authorizationLevel": "Anonymous"
}
2017-04-09T02:58:59.858 Response details: {
  "requestId": "1e118860-d1b2-4c41-b0ce-163002ba0b54",
  "status": "OK"
}
2017-04-09T02:59:10.108 Executing HTTP request: {
  "requestId": "5ff725ee-5239-4573-803f-b34700937eeb",
  "method": "GET",
  "uri": "/"
}
2017-04-09T02:59:10.108 Executed HTTP request: {
  "requestId": "5ff725ee-5239-4573-803f-b34700937eeb",
  "method": "GET",
  "uri": "/",
  "authorizationLevel": "Anonymous"
}
2017-04-09T02:59:10.108 Response details: {
  "requestId": "5ff725ee-5239-4573-803f-b34700937eeb",
  "status": "OK"
}
2017-04-09T02:59:20.419 Executing HTTP request: {
  "requestId": "9a0bca6a-7602-4c82-9a12-7147deef8b0c",
  "method": "GET",
  "uri": "/"
}
2017-04-09T02:59:20.419 Executed HTTP request: {
  "requestId": "9a0bca6a-7602-4c82-9a12-7147deef8b0c",
  "method": "GET",
  "uri": "/",
  "authorizationLevel": "Anonymous"
}
2017-04-09T02:59:20.419 Response details: {
  "requestId": "9a0bca6a-7602-4c82-9a12-7147deef8b0c",
  "status": "OK"
}
2017-04-09T02:59:30.655 Executing HTTP request: {
  "requestId": "2cb9a050-e6e6-43a0-9da7-22da73b37fa3",
  "method": "GET",
  "uri": "/"
}
2017-04-09T02:59:30.655 Executed HTTP request: {
  "requestId": "2cb9a050-e6e6-43a0-9da7-22da73b37fa3",
  "method": "GET",
  "uri": "/",
  "authorizationLevel": "Anonymous"
}
2017-04-09T02:59:30.655 Response details: {
  "requestId": "2cb9a050-e6e6-43a0-9da7-22da73b37fa3",
  "status": "OK"
}
2017-04-09T02:59:40.957 Executing HTTP request: {
  "requestId": "4cc56bac-9103-4fc0-b0db-9c1767925a4d",
  "method": "GET",
  "uri": "/"
}
2017-04-09T02:59:40.957 Executed HTTP request: {
  "requestId": "4cc56bac-9103-4fc0-b0db-9c1767925a4d",
  "method": "GET",
  "uri": "/",
  "authorizationLevel": "Anonymous"
}
2017-04-09T02:59:40.957 Response details: {
  "requestId": "4cc56bac-9103-4fc0-b0db-9c1767925a4d",
  "status": "OK"
}
2017-04-09T02:59:51.236 Executing HTTP request: {
  "requestId": "a5d34b67-a1fc-4d74-bb36-1b3d8aab5bee",
  "method": "GET",
  "uri": "/"
}
2017-04-09T02:59:51.236 Executed HTTP request: {
  "requestId": "a5d34b67-a1fc-4d74-bb36-1b3d8aab5bee",
  "method": "GET",
  "uri": "/",
  "authorizationLevel": "Anonymous"
}
2017-04-09T02:59:51.236 Response details: {
  "requestId": "a5d34b67-a1fc-4d74-bb36-1b3d8aab5bee",
  "status": "OK"
}
2017-04-09T03:00:01.495 Executing HTTP request: {
  "requestId": "6b6c3350-383c-4458-a556-e2257e8c4cd3",
  "method": "GET",
  "uri": "/"
}
2017-04-09T03:00:01.495 Executed HTTP request: {
  "requestId": "6b6c3350-383c-4458-a556-e2257e8c4cd3",
  "method": "GET",
  "uri": "/",
  "authorizationLevel": "Anonymous"
}
2017-04-09T03:00:01.495 Response details: {
  "requestId": "6b6c3350-383c-4458-a556-e2257e8c4cd3",
  "status": "OK"
}
2017-04-09T03:00:11.718 Executing HTTP request: {
  "requestId": "56328042-779a-4d2f-9ba7-d55d2100dd0b",
  "method": "GET",
  "uri": "/"
}
2017-04-09T03:00:11.718 Executed HTTP request: {
  "requestId": "56328042-779a-4d2f-9ba7-d55d2100dd0b",
  "method": "GET",
  "uri": "/",
  "authorizationLevel": "Anonymous"
}
2017-04-09T03:00:11.718 Response details: {
  "requestId": "56328042-779a-4d2f-9ba7-d55d2100dd0b",
  "status": "OK"
}
2017-04-09T03:00:21.930 Executing HTTP request: {
  "requestId": "482dbd9f-e9b8-4a28-b3d4-56cc8f900b79",
  "method": "GET",
  "uri": "/"
}
2017-04-09T03:00:21.930 Executed HTTP request: {
  "requestId": "482dbd9f-e9b8-4a28-b3d4-56cc8f900b79",
  "method": "GET",
  "uri": "/",
  "authorizationLevel": "Anonymous"
}
2017-04-09T03:00:21.930 Response details: {
  "requestId": "482dbd9f-e9b8-4a28-b3d4-56cc8f900b79",
  "status": "OK"
}
2017-04-09T03:00:32.162 Executing HTTP request: {
  "requestId": "57c4af75-a3ba-4f9c-8826-e3d24ad669a2",
  "method": "GET",
  "uri": "/"
}
2017-04-09T03:00:32.162 Executed HTTP request: {
  "requestId": "57c4af75-a3ba-4f9c-8826-e3d24ad669a2",
  "method": "GET",
  "uri": "/",
  "authorizationLevel": "Anonymous"
}
2017-04-09T03:00:32.162 Response details: {
  "requestId": "57c4af75-a3ba-4f9c-8826-e3d24ad669a2",
  "status": "OK"
}
2017-04-09T03:00:42.433 Executing HTTP request: {
  "requestId": "7a25c2cf-d53a-4f05-8eb8-6561a704a2d3",
  "method": "GET",
  "uri": "/"
}
2017-04-09T03:00:42.433 Executed HTTP request: {
  "requestId": "7a25c2cf-d53a-4f05-8eb8-6561a704a2d3",
  "method": "GET",
  "uri": "/",
  "authorizationLevel": "Anonymous"
}
2017-04-09T03:00:42.433 Response details: {
  "requestId": "7a25c2cf-d53a-4f05-8eb8-6561a704a2d3",
  "status": "OK"
}
2017-04-09T03:00:52.709 Executing HTTP request: {
  "requestId": "c94043b3-9177-4ac3-aaac-92c7347a9af5",
  "method": "GET",
  "uri": "/"
}
2017-04-09T03:00:52.709 Executed HTTP request: {
  "requestId": "c94043b3-9177-4ac3-aaac-92c7347a9af5",
  "method": "GET",
  "uri": "/",
  "authorizationLevel": "Anonymous"
}
2017-04-09T03:00:52.709 Response details: {
  "requestId": "c94043b3-9177-4ac3-aaac-92c7347a9af5",
  "status": "OK"
}
2017-04-09T03:01:02.970 Executing HTTP request: {
  "requestId": "82560c5d-ed9a-4888-b802-6dfdf97061f4",
  "method": "GET",
  "uri": "/"
}
2017-04-09T03:01:02.970 Executed HTTP request: {
  "requestId": "82560c5d-ed9a-4888-b802-6dfdf97061f4",
  "method": "GET",
  "uri": "/",
  "authorizationLevel": "Anonymous"
}
2017-04-09T03:01:02.970 Response details: {
  "requestId": "82560c5d-ed9a-4888-b802-6dfdf97061f4",
  "status": "OK"
}
2017-04-09T03:01:13.231 Executing HTTP request: {
  "requestId": "dfb59a19-45b4-4371-99db-4cf8bbd8e160",
  "method": "GET",
  "uri": "/"
}
2017-04-09T03:01:13.231 Executed HTTP request: {
  "requestId": "dfb59a19-45b4-4371-99db-4cf8bbd8e160",
  "method": "GET",
  "uri": "/",
  "authorizationLevel": "Anonymous"
}
2017-04-09T03:01:13.231 Response details: {
  "requestId": "dfb59a19-45b4-4371-99db-4cf8bbd8e160",
  "status": "OK"
}
2017-04-09T03:01:23.497 Executing HTTP request: {
  "requestId": "8c3604d5-c215-48cb-ab57-f7a71419d008",
  "method": "GET",
  "uri": "/"
}
2017-04-09T03:01:23.497 Executed HTTP request: {
  "requestId": "8c3604d5-c215-48cb-ab57-f7a71419d008",
  "method": "GET",
  "uri": "/",
  "authorizationLevel": "Anonymous"
}
2017-04-09T03:01:23.497 Response details: {
  "requestId": "8c3604d5-c215-48cb-ab57-f7a71419d008",
  "status": "OK"
}
2017-04-09T03:01:33.773 Executing HTTP request: {
  "requestId": "6f0cc51a-9ff0-4fe4-8b37-63b6525f54cd",
  "method": "GET",
  "uri": "/"
}
2017-04-09T03:01:33.773 Executed HTTP request: {
  "requestId": "6f0cc51a-9ff0-4fe4-8b37-63b6525f54cd",
  "method": "GET",
  "uri": "/",
  "authorizationLevel": "Anonymous"
}
2017-04-09T03:01:33.773 Response details: {
  "requestId": "6f0cc51a-9ff0-4fe4-8b37-63b6525f54cd",
  "status": "OK"
}
2017-04-09T03:01:43.992 Executing HTTP request: {
  "requestId": "793fa498-13a9-4211-845e-0be81bc4db4e",
  "method": "GET",
  "uri": "/"
}
2017-04-09T03:01:43.992 Executed HTTP request: {
  "requestId": "793fa498-13a9-4211-845e-0be81bc4db4e",
  "method": "GET",
  "uri": "/",
  "authorizationLevel": "Anonymous"
}
2017-04-09T03:01:43.992 Response details: {
  "requestId": "793fa498-13a9-4211-845e-0be81bc4db4e",
  "status": "OK"
}
2017-04-09T03:01:54.257 Executing HTTP request: {
  "requestId": "ea4e6789-88f5-46f8-9cae-d43ea4d19030",
  "method": "GET",
  "uri": "/"
}
2017-04-09T03:01:54.257 Executed HTTP request: {
  "requestId": "ea4e6789-88f5-46f8-9cae-d43ea4d19030",
  "method": "GET",
  "uri": "/",
  "authorizationLevel": "Anonymous"
}
2017-04-09T03:01:54.257 Response details: {
  "requestId": "ea4e6789-88f5-46f8-9cae-d43ea4d19030",
  "status": "OK"
}
2017-04-09T03:02:04.539 Executing HTTP request: {
  "requestId": "56d69601-0cb9-47c3-9863-672d1ed2ed6c",
  "method": "GET",
  "uri": "/"
}
2017-04-09T03:02:04.539 Executed HTTP request: {
  "requestId": "56d69601-0cb9-47c3-9863-672d1ed2ed6c",
  "method": "GET",
  "uri": "/",
  "authorizationLevel": "Anonymous"
}
2017-04-09T03:02:04.539 Response details: {
  "requestId": "56d69601-0cb9-47c3-9863-672d1ed2ed6c",
  "status": "OK"
}
2017-04-09T03:02:14.789 Executing HTTP request: {
  "requestId": "fd0865ce-84be-4e15-9858-706511562a7b",
  "method": "GET",
  "uri": "/"
}
2017-04-09T03:02:14.804 Executed HTTP request: {
  "requestId": "fd0865ce-84be-4e15-9858-706511562a7b",
  "method": "GET",
  "uri": "/",
  "authorizationLevel": "Anonymous"
}
2017-04-09T03:02:14.804 Response details: {
  "requestId": "fd0865ce-84be-4e15-9858-706511562a7b",
  "status": "OK"
}
2017-04-09T03:02:25.050 Executing HTTP request: {
  "requestId": "11f180bc-535b-411c-a453-3fac020f3ae1",
  "method": "GET",
  "uri": "/"
}
2017-04-09T03:02:25.050 Executed HTTP request: {
  "requestId": "11f180bc-535b-411c-a453-3fac020f3ae1",
  "method": "GET",
  "uri": "/",
  "authorizationLevel": "Anonymous"
}
2017-04-09T03:02:25.050 Response details: {
  "requestId": "11f180bc-535b-411c-a453-3fac020f3ae1",
  "status": "OK"
}
2017-04-09T03:02:35.272 Executing HTTP request: {
  "requestId": "2c3077b9-38ac-4c28-a536-575be6878b80",
  "method": "GET",
  "uri": "/"
}
2017-04-09T03:02:35.272 Executed HTTP request: {
  "requestId": "2c3077b9-38ac-4c28-a536-575be6878b80",
  "method": "GET",
  "uri": "/",
  "authorizationLevel": "Anonymous"
}
2017-04-09T03:02:35.272 Response details: {
  "requestId": "2c3077b9-38ac-4c28-a536-575be6878b80",
  "status": "OK"
}
2017-04-09T03:02:45.568 Executing HTTP request: {
  "requestId": "6a5242a9-2b07-4e5f-ab23-4a865ff2bd50",
  "method": "GET",
  "uri": "/"
}
2017-04-09T03:02:45.568 Executed HTTP request: {
  "requestId": "6a5242a9-2b07-4e5f-ab23-4a865ff2bd50",
  "method": "GET",
  "uri": "/",
  "authorizationLevel": "Anonymous"
}
2017-04-09T03:02:45.568 Response details: {
  "requestId": "6a5242a9-2b07-4e5f-ab23-4a865ff2bd50",
  "status": "OK"
}
2017-04-09T03:02:55.771 Executing HTTP request: {
  "requestId": "007f29bb-10b2-4682-ae58-a081bd337ddf",
  "method": "GET",
  "uri": "/"
}
2017-04-09T03:02:55.771 Executed HTTP request: {
  "requestId": "007f29bb-10b2-4682-ae58-a081bd337ddf",
  "method": "GET",
  "uri": "/",
  "authorizationLevel": "Anonymous"
}
2017-04-09T03:02:55.771 Response details: {
  "requestId": "007f29bb-10b2-4682-ae58-a081bd337ddf",
  "status": "OK"
}
2017-04-09T03:03:06.044 Executing HTTP request: {
  "requestId": "168956f5-bba1-4fe4-8cc7-580c2f134b67",
  "method": "GET",
  "uri": "/"
}
2017-04-09T03:03:06.044 Executed HTTP request: {
  "requestId": "168956f5-bba1-4fe4-8cc7-580c2f134b67",
  "method": "GET",
  "uri": "/",
  "authorizationLevel": "Anonymous"
}
2017-04-09T03:03:06.044 Response details: {
  "requestId": "168956f5-bba1-4fe4-8cc7-580c2f134b67",
  "status": "OK"
}
2017-04-09T03:03:16.301 Executing HTTP request: {
  "requestId": "0ba0ed24-9a76-4b40-9ab7-6e81cb142aa4",
  "method": "GET",
  "uri": "/"
}
2017-04-09T03:03:16.317 Executed HTTP request: {
  "requestId": "0ba0ed24-9a76-4b40-9ab7-6e81cb142aa4",
  "method": "GET",
  "uri": "/",
  "authorizationLevel": "Anonymous"
}
2017-04-09T03:03:16.317 Response details: {
  "requestId": "0ba0ed24-9a76-4b40-9ab7-6e81cb142aa4",
  "status": "OK"
}
2017-04-09T03:03:26.551 Executing HTTP request: {
  "requestId": "4d2c7a10-b801-46b5-a6ef-d60c74360e10",
  "method": "GET",
  "uri": "/"
}
2017-04-09T03:03:26.614 Executed HTTP request: {
  "requestId": "4d2c7a10-b801-46b5-a6ef-d60c74360e10",
  "method": "GET",
  "uri": "/",
  "authorizationLevel": "Anonymous"
}
2017-04-09T03:03:26.614 Response details: {
  "requestId": "4d2c7a10-b801-46b5-a6ef-d60c74360e10",
  "status": "OK"
}
2017-04-09T03:03:36.799 Executing HTTP request: {
  "requestId": "034169f8-318d-4da5-ac6a-c6670d66bf45",
  "method": "GET",
  "uri": "/"
}
2017-04-09T03:03:36.799 Executed HTTP request: {
  "requestId": "034169f8-318d-4da5-ac6a-c6670d66bf45",
  "method": "GET",
  "uri": "/",
  "authorizationLevel": "Anonymous"
}
2017-04-09T03:03:36.799 Response details: {
  "requestId": "034169f8-318d-4da5-ac6a-c6670d66bf45",
  "status": "OK"
}
2017-04-09T03:03:47.051 Executing HTTP request: {
  "requestId": "f6a33989-aafb-4004-924e-7cf78b2b612f",
  "method": "GET",
  "uri": "/"
}
2017-04-09T03:03:47.051 Executed HTTP request: {
  "requestId": "f6a33989-aafb-4004-924e-7cf78b2b612f",
  "method": "GET",
  "uri": "/",
  "authorizationLevel": "Anonymous"
}
2017-04-09T03:03:47.051 Response details: {
  "requestId": "f6a33989-aafb-4004-924e-7cf78b2b612f",
  "status": "OK"
}
2017-04-09T03:03:57.312 Executing HTTP request: {
  "requestId": "9b6b15d5-8054-4142-ad26-7e2b1177ab4b",
  "method": "GET",
  "uri": "/"
}
2017-04-09T03:03:57.312 Executed HTTP request: {
  "requestId": "9b6b15d5-8054-4142-ad26-7e2b1177ab4b",
  "method": "GET",
  "uri": "/",
  "authorizationLevel": "Anonymous"
}
2017-04-09T03:03:57.312 Response details: {
  "requestId": "9b6b15d5-8054-4142-ad26-7e2b1177ab4b",
  "status": "OK"
}
2017-04-09T03:04:07.593 Executing HTTP request: {
  "requestId": "98fed2fd-bd86-40b1-8ed3-89827aafa9e2",
  "method": "GET",
  "uri": "/"
}
2017-04-09T03:04:07.593 Executed HTTP request: {
  "requestId": "98fed2fd-bd86-40b1-8ed3-89827aafa9e2",
  "method": "GET",
  "uri": "/",
  "authorizationLevel": "Anonymous"
}
2017-04-09T03:04:07.593 Response details: {
  "requestId": "98fed2fd-bd86-40b1-8ed3-89827aafa9e2",
  "status": "OK"
}
2017-04-09T03:04:17.844 Executing HTTP request: {
  "requestId": "ee96ea97-cca6-4a3f-84ee-4a969c340a10",
  "method": "GET",
  "uri": "/"
}
2017-04-09T03:04:17.844 Executed HTTP request: {
  "requestId": "ee96ea97-cca6-4a3f-84ee-4a969c340a10",
  "method": "GET",
  "uri": "/",
  "authorizationLevel": "Anonymous"
}
2017-04-09T03:04:17.844 Response details: {
  "requestId": "ee96ea97-cca6-4a3f-84ee-4a969c340a10",
  "status": "OK"
}
2017-04-09T03:04:28.078 Executing HTTP request: {
  "requestId": "bdcd6a4b-c685-42d9-ab1a-47454c256250",
  "method": "GET",
  "uri": "/"
}
2017-04-09T03:04:28.078 Executed HTTP request: {
  "requestId": "bdcd6a4b-c685-42d9-ab1a-47454c256250",
  "method": "GET",
  "uri": "/",
  "authorizationLevel": "Anonymous"
}
2017-04-09T03:04:28.078 Response details: {
  "requestId": "bdcd6a4b-c685-42d9-ab1a-47454c256250",
  "status": "OK"
}
2017-04-09T03:04:38.341 Executing HTTP request: {
  "requestId": "0e894153-9cfe-4536-9789-e45134b9b6d0",
  "method": "GET",
  "uri": "/"
}
2017-04-09T03:04:38.341 Executed HTTP request: {
  "requestId": "0e894153-9cfe-4536-9789-e45134b9b6d0",
  "method": "GET",
  "uri": "/",
  "authorizationLevel": "Anonymous"
}
2017-04-09T03:04:38.341 Response details: {
  "requestId": "0e894153-9cfe-4536-9789-e45134b9b6d0",
  "status": "OK"
}
2017-04-09T03:04:48.649 Executing HTTP request: {
  "requestId": "8a76fad8-aadc-4c63-8dd7-a641ff86e75e",
  "method": "GET",
  "uri": "/"
}
2017-04-09T03:04:48.649 Executed HTTP request: {
  "requestId": "8a76fad8-aadc-4c63-8dd7-a641ff86e75e",
  "method": "GET",
  "uri": "/",
  "authorizationLevel": "Anonymous"
}
2017-04-09T03:04:48.649 Response details: {
  "requestId": "8a76fad8-aadc-4c63-8dd7-a641ff86e75e",
  "status": "OK"
}
2017-04-09T03:04:58.855 Executing HTTP request: {
  "requestId": "23ac0be2-9b3c-4b6c-8e85-14a81d3b4693",
  "method": "GET",
  "uri": "/"
}
2017-04-09T03:04:58.855 Executed HTTP request: {
  "requestId": "23ac0be2-9b3c-4b6c-8e85-14a81d3b4693",
  "method": "GET",
  "uri": "/",
  "authorizationLevel": "Anonymous"
}
2017-04-09T03:04:58.855 Response details: {
  "requestId": "23ac0be2-9b3c-4b6c-8e85-14a81d3b4693",
  "status": "OK"
}
2017-04-09T03:05:09.151 Executing HTTP request: {
  "requestId": "b93c8e98-7d53-4c00-8475-39cd8c0874d0",
  "method": "GET",
  "uri": "/"
}
2017-04-09T03:05:09.151 Executed HTTP request: {
  "requestId": "b93c8e98-7d53-4c00-8475-39cd8c0874d0",
  "method": "GET",
  "uri": "/",
  "authorizationLevel": "Anonymous"
}
2017-04-09T03:05:09.151 Response details: {
  "requestId": "b93c8e98-7d53-4c00-8475-39cd8c0874d0",
  "status": "OK"
}
2017-04-09T03:05:19.411 Executing HTTP request: {
  "requestId": "6c929393-7ca8-4426-bde2-e0c0f81c165c",
  "method": "GET",
  "uri": "/"
}
2017-04-09T03:05:19.411 Executed HTTP request: {
  "requestId": "6c929393-7ca8-4426-bde2-e0c0f81c165c",
  "method": "GET",
  "uri": "/",
  "authorizationLevel": "Anonymous"
}
2017-04-09T03:05:19.411 Response details: {
  "requestId": "6c929393-7ca8-4426-bde2-e0c0f81c165c",
  "status": "OK"
}
2017-04-09T03:05:29.683 Executing HTTP request: {
  "requestId": "161410c5-44e1-49df-a838-1c2dd758f22f",
  "method": "GET",
  "uri": "/"
}
2017-04-09T03:05:29.683 Executed HTTP request: {
  "requestId": "161410c5-44e1-49df-a838-1c2dd758f22f",
  "method": "GET",
  "uri": "/",
  "authorizationLevel": "Anonymous"
}
2017-04-09T03:05:29.683 Response details: {
  "requestId": "161410c5-44e1-49df-a838-1c2dd758f22f",
  "status": "OK"
}
2017-04-09T03:05:39.948 Executing HTTP request: {
  "requestId": "05229a12-26c1-4394-8e7a-8dfa7a8475a7",
  "method": "GET",
  "uri": "/"
}
2017-04-09T03:05:39.948 Executed HTTP request: {
  "requestId": "05229a12-26c1-4394-8e7a-8dfa7a8475a7",
  "method": "GET",
  "uri": "/",
  "authorizationLevel": "Anonymous"
}
2017-04-09T03:05:39.948 Response details: {
  "requestId": "05229a12-26c1-4394-8e7a-8dfa7a8475a7",
  "status": "OK"
}
2017-04-09T03:05:50.243 Executing HTTP request: {
  "requestId": "ab96494c-760b-4611-9085-93dd7c98cebb",
  "method": "GET",
  "uri": "/"
}
2017-04-09T03:05:50.243 Executed HTTP request: {
  "requestId": "ab96494c-760b-4611-9085-93dd7c98cebb",
  "method": "GET",
  "uri": "/",
  "authorizationLevel": "Anonymous"
}
2017-04-09T03:05:50.243 Response details: {
  "requestId": "ab96494c-760b-4611-9085-93dd7c98cebb",
  "status": "OK"
}
2017-04-09T03:06:00.491 Executing HTTP request: {
  "requestId": "4659d161-f2f3-4ed5-891e-856623df8b6e",
  "method": "GET",
  "uri": "/"
}
2017-04-09T03:06:00.491 Executed HTTP request: {
  "requestId": "4659d161-f2f3-4ed5-891e-856623df8b6e",
  "method": "GET",
  "uri": "/",
  "authorizationLevel": "Anonymous"
}
2017-04-09T03:06:00.491 Response details: {
  "requestId": "4659d161-f2f3-4ed5-891e-856623df8b6e",
  "status": "OK"
}
2017-04-09T03:06:10.710 Executing HTTP request: {
  "requestId": "4c16dc54-a1dd-41d9-a6ea-0e8adb9f89ae",
  "method": "GET",
  "uri": "/"
}
2017-04-09T03:06:10.710 Executed HTTP request: {
  "requestId": "4c16dc54-a1dd-41d9-a6ea-0e8adb9f89ae",
  "method": "GET",
  "uri": "/",
  "authorizationLevel": "Anonymous"
}
2017-04-09T03:06:10.710 Response details: {
  "requestId": "4c16dc54-a1dd-41d9-a6ea-0e8adb9f89ae",
  "status": "OK"
}
2017-04-09T03:06:21.010 Executing HTTP request: {
  "requestId": "341ff7ea-5707-47cf-86cc-fe36a9d736e7",
  "method": "GET",
  "uri": "/"
}
2017-04-09T03:06:21.010 Executed HTTP request: {
  "requestId": "341ff7ea-5707-47cf-86cc-fe36a9d736e7",
  "method": "GET",
  "uri": "/",
  "authorizationLevel": "Anonymous"
}
2017-04-09T03:06:21.010 Response details: {
  "requestId": "341ff7ea-5707-47cf-86cc-fe36a9d736e7",
  "status": "OK"
}
2017-04-09T03:06:31.267 Executing HTTP request: {
  "requestId": "d78efcb9-47ca-428b-8341-18328192b091",
  "method": "GET",
  "uri": "/"
}
2017-04-09T03:06:31.267 Executed HTTP request: {
  "requestId": "d78efcb9-47ca-428b-8341-18328192b091",
  "method": "GET",
  "uri": "/",
  "authorizationLevel": "Anonymous"
}
2017-04-09T03:06:31.267 Response details: {
  "requestId": "d78efcb9-47ca-428b-8341-18328192b091",
  "status": "OK"
}
2017-04-09T03:06:41.497 Executing HTTP request: {
  "requestId": "8aaf0d4f-a84c-4391-8abc-2a59c015cc1d",
  "method": "GET",
  "uri": "/"
}
2017-04-09T03:06:41.497 Executed HTTP request: {
  "requestId": "8aaf0d4f-a84c-4391-8abc-2a59c015cc1d",
  "method": "GET",
  "uri": "/",
  "authorizationLevel": "Anonymous"
}
2017-04-09T03:06:41.497 Response details: {
  "requestId": "8aaf0d4f-a84c-4391-8abc-2a59c015cc1d",
  "status": "OK"
}
